{"E:\\Johny\\OneDrive\\2. LONDON\\Last semester\\Final Project 2\\Mobile App\\Mobile Application-Midterm Submitted\\Remindly app 8.1\\jest.config.js": {"path":"E:\\Johny\\OneDrive\\2. LONDON\\Last semester\\Final Project 2\\Mobile App\\Mobile Application-Midterm Submitted\\Remindly app 8.1\\jest.config.js","statementMap":{"0":{"start":{"line":1,"column":0},"end":{"line":18,"column":2}}},"fnMap":{},"branchMap":{},"s":{"0":0},"f":{},"b":{}}
,"E:\\Johny\\OneDrive\\2. LONDON\\Last semester\\Final Project 2\\Mobile App\\Mobile Application-Midterm Submitted\\Remindly app 8.1\\app\\PomodoroTimer.js": {"path":"E:\\Johny\\OneDrive\\2. LONDON\\Last semester\\Final Project 2\\Mobile App\\Mobile Application-Midterm Submitted\\Remindly app 8.1\\app\\PomodoroTimer.js","statementMap":{"0":{"start":{"line":18,"column":32},"end":{"line":18,"column":44}},"1":{"start":{"line":19,"column":32},"end":{"line":19,"column":43}},"2":{"start":{"line":20,"column":34},"end":{"line":20,"column":49}},"3":{"start":{"line":21,"column":46},"end":{"line":21,"column":60}},"4":{"start":{"line":22,"column":28},"end":{"line":22,"column":42}},"5":{"start":{"line":23,"column":36},"end":{"line":23,"column":51}},"6":{"start":{"line":24,"column":44},"end":{"line":24,"column":59}},"7":{"start":{"line":25,"column":44},"end":{"line":25,"column":59}},"8":{"start":{"line":27,"column":17},"end":{"line":27,"column":28}},"9":{"start":{"line":28,"column":17},"end":{"line":28,"column":39}},"10":{"start":{"line":29,"column":67},"end":{"line":29,"column":73}},"11":{"start":{"line":30,"column":28},"end":{"line":30,"column":52}},"12":{"start":{"line":32,"column":20},"end":{"line":32,"column":27}},"13":{"start":{"line":33,"column":31},"end":{"line":33,"column":53}},"14":{"start":{"line":34,"column":19},"end":{"line":34,"column":59}},"15":{"start":{"line":36,"column":20},"end":{"line":71,"column":3}},"16":{"start":{"line":37,"column":4},"end":{"line":70,"column":5}},"17":{"start":{"line":38,"column":6},"end":{"line":38,"column":38}},"18":{"start":{"line":40,"column":6},"end":{"line":45,"column":9}},"19":{"start":{"line":47,"column":37},"end":{"line":57,"column":7}},"20":{"start":{"line":51,"column":10},"end":{"line":55,"column":11}},"21":{"start":{"line":52,"column":12},"end":{"line":52,"column":79}},"22":{"start":{"line":53,"column":12},"end":{"line":53,"column":43}},"23":{"start":{"line":54,"column":12},"end":{"line":54,"column":35}},"24":{"start":{"line":58,"column":6},"end":{"line":58,"column":28}},"25":{"start":{"line":60,"column":6},"end":{"line":64,"column":9}},"26":{"start":{"line":61,"column":8},"end":{"line":63,"column":9}},"27":{"start":{"line":62,"column":10},"end":{"line":62,"column":41}},"28":{"start":{"line":66,"column":6},"end":{"line":66,"column":44}},"29":{"start":{"line":68,"column":6},"end":{"line":68,"column":51}},"30":{"start":{"line":69,"column":6},"end":{"line":69,"column":30}},"31":{"start":{"line":73,"column":22},"end":{"line":106,"column":3}},"32":{"start":{"line":74,"column":4},"end":{"line":105,"column":5}},"33":{"start":{"line":75,"column":6},"end":{"line":75,"column":132}},"34":{"start":{"line":77,"column":6},"end":{"line":81,"column":7}},"35":{"start":{"line":78,"column":8},"end":{"line":78,"column":55}},"36":{"start":{"line":79,"column":8},"end":{"line":79,"column":26}},"37":{"start":{"line":80,"column":8},"end":{"line":80,"column":15}},"38":{"start":{"line":83,"column":6},"end":{"line":86,"column":7}},"39":{"start":{"line":84,"column":8},"end":{"line":84,"column":44}},"40":{"start":{"line":85,"column":8},"end":{"line":85,"column":15}},"41":{"start":{"line":89,"column":21},"end":{"line":89,"column":49}},"42":{"start":{"line":90,"column":6},"end":{"line":90,"column":51}},"43":{"start":{"line":92,"column":6},"end":{"line":98,"column":7}},"44":{"start":{"line":93,"column":8},"end":{"line":93,"column":37}},"45":{"start":{"line":94,"column":8},"end":{"line":94,"column":33}},"46":{"start":{"line":96,"column":8},"end":{"line":96,"column":37}},"47":{"start":{"line":97,"column":8},"end":{"line":97,"column":32}},"48":{"start":{"line":100,"column":6},"end":{"line":100,"column":52}},"49":{"start":{"line":102,"column":6},"end":{"line":102,"column":21}},"50":{"start":{"line":103,"column":6},"end":{"line":103,"column":30}},"51":{"start":{"line":104,"column":6},"end":{"line":104,"column":18}},"52":{"start":{"line":108,"column":31},"end":{"line":160,"column":3}},"53":{"start":{"line":109,"column":4},"end":{"line":159,"column":7}},"54":{"start":{"line":117,"column":10},"end":{"line":119,"column":11}},"55":{"start":{"line":118,"column":12},"end":{"line":118,"column":36}},"56":{"start":{"line":120,"column":10},"end":{"line":120,"column":33}},"57":{"start":{"line":123,"column":28},"end":{"line":123,"column":59}},"58":{"start":{"line":124,"column":30},"end":{"line":124,"column":73}},"59":{"start":{"line":125,"column":31},"end":{"line":125,"column":69}},"60":{"start":{"line":128,"column":30},"end":{"line":130,"column":33}},"61":{"start":{"line":133,"column":35},"end":{"line":133,"column":69}},"62":{"start":{"line":135,"column":10},"end":{"line":143,"column":13}},"63":{"start":{"line":145,"column":10},"end":{"line":156,"column":13}},"64":{"start":{"line":162,"column":2},"end":{"line":179,"column":9}},"65":{"start":{"line":163,"column":4},"end":{"line":163,"column":16}},"66":{"start":{"line":165,"column":4},"end":{"line":178,"column":6}},"67":{"start":{"line":166,"column":6},"end":{"line":177,"column":7}},"68":{"start":{"line":167,"column":8},"end":{"line":167,"column":51}},"69":{"start":{"line":168,"column":8},"end":{"line":176,"column":9}},"70":{"start":{"line":169,"column":10},"end":{"line":173,"column":13}},"71":{"start":{"line":170,"column":12},"end":{"line":170,"column":32}},"72":{"start":{"line":172,"column":12},"end":{"line":172,"column":67}},"73":{"start":{"line":175,"column":10},"end":{"line":175,"column":59}},"74":{"start":{"line":181,"column":2},"end":{"line":215,"column":41}},"75":{"start":{"line":182,"column":16},"end":{"line":182,"column":20}},"76":{"start":{"line":183,"column":4},"end":{"line":212,"column":5}},"77":{"start":{"line":184,"column":6},"end":{"line":211,"column":15}},"78":{"start":{"line":185,"column":8},"end":{"line":210,"column":9}},"79":{"start":{"line":186,"column":10},"end":{"line":207,"column":11}},"80":{"start":{"line":187,"column":12},"end":{"line":187,"column":33}},"81":{"start":{"line":188,"column":12},"end":{"line":188,"column":36}},"82":{"start":{"line":189,"column":12},"end":{"line":202,"column":14}},"83":{"start":{"line":203,"column":12},"end":{"line":203,"column":37}},"84":{"start":{"line":205,"column":12},"end":{"line":205,"column":43}},"85":{"start":{"line":205,"column":33},"end":{"line":205,"column":41}},"86":{"start":{"line":206,"column":12},"end":{"line":206,"column":27}},"87":{"start":{"line":209,"column":10},"end":{"line":209,"column":41}},"88":{"start":{"line":209,"column":31},"end":{"line":209,"column":39}},"89":{"start":{"line":214,"column":4},"end":{"line":214,"column":38}},"90":{"start":{"line":214,"column":17},"end":{"line":214,"column":37}},"91":{"start":{"line":217,"column":21},"end":{"line":222,"column":3}},"92":{"start":{"line":218,"column":4},"end":{"line":218,"column":19}},"93":{"start":{"line":219,"column":4},"end":{"line":219,"column":18}},"94":{"start":{"line":220,"column":4},"end":{"line":220,"column":23}},"95":{"start":{"line":221,"column":4},"end":{"line":221,"column":28}},"96":{"start":{"line":224,"column":22},"end":{"line":227,"column":3}},"97":{"start":{"line":225,"column":4},"end":{"line":225,"column":33}},"98":{"start":{"line":225,"column":26},"end":{"line":225,"column":31}},"99":{"start":{"line":226,"column":4},"end":{"line":226,"column":39}},"100":{"start":{"line":226,"column":32},"end":{"line":226,"column":37}},"101":{"start":{"line":229,"column":21},"end":{"line":258,"column":3}},"102":{"start":{"line":230,"column":4},"end":{"line":257,"column":7}},"103":{"start":{"line":238,"column":10},"end":{"line":240,"column":11}},"104":{"start":{"line":239,"column":12},"end":{"line":239,"column":36}},"105":{"start":{"line":242,"column":30},"end":{"line":244,"column":33}},"106":{"start":{"line":247,"column":35},"end":{"line":247,"column":69}},"107":{"start":{"line":249,"column":10},"end":{"line":254,"column":13}},"108":{"start":{"line":260,"column":17},"end":{"line":260,"column":19}},"109":{"start":{"line":261,"column":24},"end":{"line":261,"column":44}},"110":{"start":{"line":262,"column":27},"end":{"line":262,"column":75}},"111":{"start":{"line":264,"column":2},"end":{"line":352,"column":4}},"112":{"start":{"line":355,"column":15},"end":{"line":436,"column":2}}},"fnMap":{"0":{"name":"PomodoroTimer","decl":{"start":{"line":17,"column":24},"end":{"line":17,"column":37}},"loc":{"start":{"line":17,"column":40},"end":{"line":353,"column":1}},"line":17},"1":{"name":"(anonymous_1)","decl":{"start":{"line":36,"column":20},"end":{"line":36,"column":21}},"loc":{"start":{"line":36,"column":32},"end":{"line":71,"column":3}},"line":36},"2":{"name":"(anonymous_2)","decl":{"start":{"line":50,"column":8},"end":{"line":50,"column":9}},"loc":{"start":{"line":50,"column":20},"end":{"line":56,"column":9}},"line":50},"3":{"name":"(anonymous_3)","decl":{"start":{"line":60,"column":44},"end":{"line":60,"column":45}},"loc":{"start":{"line":60,"column":56},"end":{"line":64,"column":7}},"line":60},"4":{"name":"(anonymous_4)","decl":{"start":{"line":73,"column":22},"end":{"line":73,"column":23}},"loc":{"start":{"line":73,"column":34},"end":{"line":106,"column":3}},"line":73},"5":{"name":"(anonymous_5)","decl":{"start":{"line":108,"column":31},"end":{"line":108,"column":32}},"loc":{"start":{"line":108,"column":37},"end":{"line":160,"column":3}},"line":108},"6":{"name":"(anonymous_6)","decl":{"start":{"line":116,"column":17},"end":{"line":116,"column":18}},"loc":{"start":{"line":116,"column":29},"end":{"line":157,"column":9}},"line":116},"7":{"name":"(anonymous_7)","decl":{"start":{"line":162,"column":12},"end":{"line":162,"column":13}},"loc":{"start":{"line":162,"column":18},"end":{"line":179,"column":3}},"line":162},"8":{"name":"(anonymous_8)","decl":{"start":{"line":165,"column":11},"end":{"line":165,"column":12}},"loc":{"start":{"line":165,"column":17},"end":{"line":178,"column":5}},"line":165},"9":{"name":"(anonymous_9)","decl":{"start":{"line":169,"column":33},"end":{"line":169,"column":34}},"loc":{"start":{"line":169,"column":39},"end":{"line":171,"column":11}},"line":169},"10":{"name":"(anonymous_10)","decl":{"start":{"line":171,"column":19},"end":{"line":171,"column":20}},"loc":{"start":{"line":171,"column":26},"end":{"line":173,"column":11}},"line":171},"11":{"name":"(anonymous_11)","decl":{"start":{"line":181,"column":12},"end":{"line":181,"column":13}},"loc":{"start":{"line":181,"column":18},"end":{"line":215,"column":3}},"line":181},"12":{"name":"(anonymous_12)","decl":{"start":{"line":184,"column":26},"end":{"line":184,"column":27}},"loc":{"start":{"line":184,"column":32},"end":{"line":211,"column":7}},"line":184},"13":{"name":"(anonymous_13)","decl":{"start":{"line":205,"column":23},"end":{"line":205,"column":24}},"loc":{"start":{"line":205,"column":33},"end":{"line":205,"column":41}},"line":205},"14":{"name":"(anonymous_14)","decl":{"start":{"line":209,"column":21},"end":{"line":209,"column":22}},"loc":{"start":{"line":209,"column":31},"end":{"line":209,"column":39}},"line":209},"15":{"name":"(anonymous_15)","decl":{"start":{"line":214,"column":11},"end":{"line":214,"column":12}},"loc":{"start":{"line":214,"column":17},"end":{"line":214,"column":37}},"line":214},"16":{"name":"(anonymous_16)","decl":{"start":{"line":217,"column":21},"end":{"line":217,"column":22}},"loc":{"start":{"line":217,"column":27},"end":{"line":222,"column":3}},"line":217},"17":{"name":"(anonymous_17)","decl":{"start":{"line":224,"column":22},"end":{"line":224,"column":23}},"loc":{"start":{"line":224,"column":28},"end":{"line":227,"column":3}},"line":224},"18":{"name":"(anonymous_18)","decl":{"start":{"line":225,"column":16},"end":{"line":225,"column":17}},"loc":{"start":{"line":225,"column":26},"end":{"line":225,"column":31}},"line":225},"19":{"name":"(anonymous_19)","decl":{"start":{"line":226,"column":22},"end":{"line":226,"column":23}},"loc":{"start":{"line":226,"column":32},"end":{"line":226,"column":37}},"line":226},"20":{"name":"(anonymous_20)","decl":{"start":{"line":229,"column":21},"end":{"line":229,"column":22}},"loc":{"start":{"line":229,"column":27},"end":{"line":258,"column":3}},"line":229},"21":{"name":"(anonymous_21)","decl":{"start":{"line":237,"column":17},"end":{"line":237,"column":18}},"loc":{"start":{"line":237,"column":29},"end":{"line":255,"column":9}},"line":237}},"branchMap":{"0":{"loc":{"start":{"line":51,"column":10},"end":{"line":55,"column":11}},"type":"if","locations":[{"start":{"line":51,"column":10},"end":{"line":55,"column":11}},{"start":{},"end":{}}],"line":51},"1":{"loc":{"start":{"line":61,"column":8},"end":{"line":63,"column":9}},"type":"if","locations":[{"start":{"line":61,"column":8},"end":{"line":63,"column":9}},{"start":{},"end":{}}],"line":61},"2":{"loc":{"start":{"line":75,"column":79},"end":{"line":75,"column":104}},"type":"cond-expr","locations":[{"start":{"line":75,"column":87},"end":{"line":75,"column":95}},{"start":{"line":75,"column":98},"end":{"line":75,"column":104}}],"line":75},"3":{"loc":{"start":{"line":77,"column":6},"end":{"line":81,"column":7}},"type":"if","locations":[{"start":{"line":77,"column":6},"end":{"line":81,"column":7}},{"start":{},"end":{}}],"line":77},"4":{"loc":{"start":{"line":83,"column":6},"end":{"line":86,"column":7}},"type":"if","locations":[{"start":{"line":83,"column":6},"end":{"line":86,"column":7}},{"start":{},"end":{}}],"line":83},"5":{"loc":{"start":{"line":92,"column":6},"end":{"line":98,"column":7}},"type":"if","locations":[{"start":{"line":92,"column":6},"end":{"line":98,"column":7}},{"start":{"line":95,"column":13},"end":{"line":98,"column":7}}],"line":92},"6":{"loc":{"start":{"line":117,"column":10},"end":{"line":119,"column":11}},"type":"if","locations":[{"start":{"line":117,"column":10},"end":{"line":119,"column":11}},{"start":{},"end":{}}],"line":117},"7":{"loc":{"start":{"line":117,"column":14},"end":{"line":117,"column":32}},"type":"binary-expr","locations":[{"start":{"line":117,"column":14},"end":{"line":117,"column":19}},{"start":{"line":117,"column":23},"end":{"line":117,"column":32}}],"line":117},"8":{"loc":{"start":{"line":123,"column":28},"end":{"line":123,"column":59}},"type":"cond-expr","locations":[{"start":{"line":123,"column":37},"end":{"line":123,"column":54}},{"start":{"line":123,"column":57},"end":{"line":123,"column":59}}],"line":123},"9":{"loc":{"start":{"line":124,"column":30},"end":{"line":124,"column":73}},"type":"cond-expr","locations":[{"start":{"line":124,"column":45},"end":{"line":124,"column":68}},{"start":{"line":124,"column":71},"end":{"line":124,"column":73}}],"line":124},"10":{"loc":{"start":{"line":125,"column":31},"end":{"line":125,"column":69}},"type":"cond-expr","locations":[{"start":{"line":125,"column":43},"end":{"line":125,"column":63}},{"start":{"line":125,"column":66},"end":{"line":125,"column":69}}],"line":125},"11":{"loc":{"start":{"line":128,"column":30},"end":{"line":130,"column":33}},"type":"cond-expr","locations":[{"start":{"line":129,"column":14},"end":{"line":129,"column":32}},{"start":{"line":130,"column":14},"end":{"line":130,"column":33}}],"line":128},"12":{"loc":{"start":{"line":133,"column":35},"end":{"line":133,"column":69}},"type":"binary-expr","locations":[{"start":{"line":133,"column":35},"end":{"line":133,"column":58}},{"start":{"line":133,"column":62},"end":{"line":133,"column":69}}],"line":133},"13":{"loc":{"start":{"line":137,"column":23},"end":{"line":137,"column":62}},"type":"cond-expr","locations":[{"start":{"line":137,"column":46},"end":{"line":137,"column":52}},{"start":{"line":137,"column":55},"end":{"line":137,"column":62}}],"line":137},"14":{"loc":{"start":{"line":149,"column":25},"end":{"line":149,"column":64}},"type":"cond-expr","locations":[{"start":{"line":149,"column":48},"end":{"line":149,"column":54}},{"start":{"line":149,"column":57},"end":{"line":149,"column":64}}],"line":149},"15":{"loc":{"start":{"line":166,"column":6},"end":{"line":177,"column":7}},"type":"if","locations":[{"start":{"line":166,"column":6},"end":{"line":177,"column":7}},{"start":{},"end":{}}],"line":166},"16":{"loc":{"start":{"line":183,"column":4},"end":{"line":212,"column":5}},"type":"if","locations":[{"start":{"line":183,"column":4},"end":{"line":212,"column":5}},{"start":{},"end":{}}],"line":183},"17":{"loc":{"start":{"line":183,"column":8},"end":{"line":183,"column":54}},"type":"binary-expr","locations":[{"start":{"line":183,"column":8},"end":{"line":183,"column":22}},{"start":{"line":183,"column":27},"end":{"line":183,"column":38}},{"start":{"line":183,"column":42},"end":{"line":183,"column":53}}],"line":183},"18":{"loc":{"start":{"line":185,"column":8},"end":{"line":210,"column":9}},"type":"if","locations":[{"start":{"line":185,"column":8},"end":{"line":210,"column":9}},{"start":{"line":208,"column":15},"end":{"line":210,"column":9}}],"line":185},"19":{"loc":{"start":{"line":186,"column":10},"end":{"line":207,"column":11}},"type":"if","locations":[{"start":{"line":186,"column":10},"end":{"line":207,"column":11}},{"start":{"line":204,"column":17},"end":{"line":207,"column":11}}],"line":186},"20":{"loc":{"start":{"line":238,"column":10},"end":{"line":240,"column":11}},"type":"if","locations":[{"start":{"line":238,"column":10},"end":{"line":240,"column":11}},{"start":{},"end":{}}],"line":238},"21":{"loc":{"start":{"line":238,"column":14},"end":{"line":238,"column":32}},"type":"binary-expr","locations":[{"start":{"line":238,"column":14},"end":{"line":238,"column":19}},{"start":{"line":238,"column":23},"end":{"line":238,"column":32}}],"line":238},"22":{"loc":{"start":{"line":242,"column":30},"end":{"line":244,"column":33}},"type":"cond-expr","locations":[{"start":{"line":243,"column":14},"end":{"line":243,"column":32}},{"start":{"line":244,"column":14},"end":{"line":244,"column":33}}],"line":242},"23":{"loc":{"start":{"line":247,"column":35},"end":{"line":247,"column":69}},"type":"binary-expr","locations":[{"start":{"line":247,"column":35},"end":{"line":247,"column":58}},{"start":{"line":247,"column":62},"end":{"line":247,"column":69}}],"line":247},"24":{"loc":{"start":{"line":274,"column":18},"end":{"line":274,"column":63}},"type":"cond-expr","locations":[{"start":{"line":274,"column":34},"end":{"line":274,"column":44}},{"start":{"line":274,"column":47},"end":{"line":274,"column":63}}],"line":274},"25":{"loc":{"start":{"line":276,"column":19},"end":{"line":276,"column":51}},"type":"cond-expr","locations":[{"start":{"line":276,"column":35},"end":{"line":276,"column":42}},{"start":{"line":276,"column":45},"end":{"line":276,"column":51}}],"line":276},"26":{"loc":{"start":{"line":324,"column":18},"end":{"line":324,"column":59}},"type":"cond-expr","locations":[{"start":{"line":324,"column":29},"end":{"line":324,"column":42}},{"start":{"line":324,"column":45},"end":{"line":324,"column":59}}],"line":324},"27":{"loc":{"start":{"line":326,"column":19},"end":{"line":326,"column":51}},"type":"cond-expr","locations":[{"start":{"line":326,"column":30},"end":{"line":326,"column":39}},{"start":{"line":326,"column":42},"end":{"line":326,"column":51}}],"line":326},"28":{"loc":{"start":{"line":341,"column":10},"end":{"line":341,"column":51}},"type":"cond-expr","locations":[{"start":{"line":341,"column":22},"end":{"line":341,"column":44}},{"start":{"line":341,"column":47},"end":{"line":341,"column":51}}],"line":341},"29":{"loc":{"start":{"line":342,"column":10},"end":{"line":342,"column":52}},"type":"binary-expr","locations":[{"start":{"line":342,"column":10},"end":{"line":342,"column":24}},{"start":{"line":342,"column":28},"end":{"line":342,"column":52}}],"line":342},"30":{"loc":{"start":{"line":346,"column":16},"end":{"line":346,"column":57}},"type":"cond-expr","locations":[{"start":{"line":346,"column":28},"end":{"line":346,"column":41}},{"start":{"line":346,"column":44},"end":{"line":346,"column":57}}],"line":346},"31":{"loc":{"start":{"line":348,"column":17},"end":{"line":348,"column":48}},"type":"cond-expr","locations":[{"start":{"line":348,"column":33},"end":{"line":348,"column":39}},{"start":{"line":348,"column":42},"end":{"line":348,"column":48}}],"line":348}},"s":{"0":0,"1":0,"2":0,"3":0,"4":0,"5":0,"6":0,"7":0,"8":0,"9":0,"10":0,"11":0,"12":0,"13":0,"14":0,"15":0,"16":0,"17":0,"18":0,"19":0,"20":0,"21":0,"22":0,"23":0,"24":0,"25":0,"26":0,"27":0,"28":0,"29":0,"30":0,"31":0,"32":0,"33":0,"34":0,"35":0,"36":0,"37":0,"38":0,"39":0,"40":0,"41":0,"42":0,"43":0,"44":0,"45":0,"46":0,"47":0,"48":0,"49":0,"50":0,"51":0,"52":0,"53":0,"54":0,"55":0,"56":0,"57":0,"58":0,"59":0,"60":0,"61":0,"62":0,"63":0,"64":0,"65":0,"66":0,"67":0,"68":0,"69":0,"70":0,"71":0,"72":0,"73":0,"74":0,"75":0,"76":0,"77":0,"78":0,"79":0,"80":0,"81":0,"82":0,"83":0,"84":0,"85":0,"86":0,"87":0,"88":0,"89":0,"90":0,"91":0,"92":0,"93":0,"94":0,"95":0,"96":0,"97":0,"98":0,"99":0,"100":0,"101":0,"102":0,"103":0,"104":0,"105":0,"106":0,"107":0,"108":0,"109":0,"110":0,"111":0,"112":0},"f":{"0":0,"1":0,"2":0,"3":0,"4":0,"5":0,"6":0,"7":0,"8":0,"9":0,"10":0,"11":0,"12":0,"13":0,"14":0,"15":0,"16":0,"17":0,"18":0,"19":0,"20":0,"21":0},"b":{"0":[0,0],"1":[0,0],"2":[0,0],"3":[0,0],"4":[0,0],"5":[0,0],"6":[0,0],"7":[0,0],"8":[0,0],"9":[0,0],"10":[0,0],"11":[0,0],"12":[0,0],"13":[0,0],"14":[0,0],"15":[0,0],"16":[0,0],"17":[0,0,0],"18":[0,0],"19":[0,0],"20":[0,0],"21":[0,0],"22":[0,0],"23":[0,0],"24":[0,0],"25":[0,0],"26":[0,0],"27":[0,0],"28":[0,0],"29":[0,0],"30":[0,0],"31":[0,0]}}
,"E:\\Johny\\OneDrive\\2. LONDON\\Last semester\\Final Project 2\\Mobile App\\Mobile Application-Midterm Submitted\\Remindly app 8.1\\app\\index.js": {"path":"E:\\Johny\\OneDrive\\2. LONDON\\Last semester\\Final Project 2\\Mobile App\\Mobile Application-Midterm Submitted\\Remindly app 8.1\\app\\index.js","statementMap":{"0":{"start":{"line":23,"column":17},"end":{"line":23,"column":28}},"1":{"start":{"line":24,"column":44},"end":{"line":24,"column":59}},"2":{"start":{"line":27,"column":20},"end":{"line":27,"column":57}},"3":{"start":{"line":29,"column":2},"end":{"line":61,"column":18}},"4":{"start":{"line":31,"column":31},"end":{"line":39,"column":5}},"5":{"start":{"line":32,"column":6},"end":{"line":38,"column":7}},"6":{"start":{"line":33,"column":8},"end":{"line":33,"column":29}},"7":{"start":{"line":34,"column":8},"end":{"line":34,"column":57}},"8":{"start":{"line":35,"column":8},"end":{"line":35,"column":31}},"9":{"start":{"line":37,"column":8},"end":{"line":37,"column":63}},"10":{"start":{"line":41,"column":4},"end":{"line":41,"column":25}},"11":{"start":{"line":44,"column":4},"end":{"line":60,"column":15}},"12":{"start":{"line":64,"column":22},"end":{"line":71,"column":3}},"13":{"start":{"line":65,"column":4},"end":{"line":70,"column":5}},"14":{"start":{"line":66,"column":6},"end":{"line":66,"column":29}},"15":{"start":{"line":69,"column":6},"end":{"line":69,"column":50}},"16":{"start":{"line":73,"column":2},"end":{"line":95,"column":4}},"17":{"start":{"line":98,"column":15},"end":{"line":132,"column":2}},"18":{"start":{"line":136,"column":2},"end":{"line":136,"column":47}}},"fnMap":{"0":{"name":"SplashScreen","decl":{"start":{"line":22,"column":24},"end":{"line":22,"column":36}},"loc":{"start":{"line":22,"column":39},"end":{"line":96,"column":1}},"line":22},"1":{"name":"(anonymous_1)","decl":{"start":{"line":29,"column":12},"end":{"line":29,"column":13}},"loc":{"start":{"line":29,"column":18},"end":{"line":61,"column":3}},"line":29},"2":{"name":"(anonymous_2)","decl":{"start":{"line":31,"column":31},"end":{"line":31,"column":32}},"loc":{"start":{"line":31,"column":43},"end":{"line":39,"column":5}},"line":31},"3":{"name":"(anonymous_3)","decl":{"start":{"line":64,"column":22},"end":{"line":64,"column":23}},"loc":{"start":{"line":64,"column":28},"end":{"line":71,"column":3}},"line":64},"4":{"name":"Index","decl":{"start":{"line":134,"column":16},"end":{"line":134,"column":21}},"loc":{"start":{"line":134,"column":24},"end":{"line":137,"column":1}},"line":134}},"branchMap":{"0":{"loc":{"start":{"line":65,"column":4},"end":{"line":70,"column":5}},"type":"if","locations":[{"start":{"line":65,"column":4},"end":{"line":70,"column":5}},{"start":{"line":67,"column":11},"end":{"line":70,"column":5}}],"line":65}},"s":{"0":0,"1":0,"2":0,"3":0,"4":0,"5":0,"6":0,"7":0,"8":0,"9":0,"10":0,"11":0,"12":0,"13":0,"14":0,"15":0,"16":0,"17":0,"18":0},"f":{"0":0,"1":0,"2":0,"3":0,"4":0},"b":{"0":[0,0]}}
,"E:\\Johny\\OneDrive\\2. LONDON\\Last semester\\Final Project 2\\Mobile App\\Mobile Application-Midterm Submitted\\Remindly app 8.1\\app\\signin.js": {"path":"E:\\Johny\\OneDrive\\2. LONDON\\Last semester\\Final Project 2\\Mobile App\\Mobile Application-Midterm Submitted\\Remindly app 8.1\\app\\signin.js","statementMap":{"0":{"start":{"line":29,"column":28},"end":{"line":29,"column":40}},"1":{"start":{"line":30,"column":34},"end":{"line":30,"column":46}},"2":{"start":{"line":31,"column":48},"end":{"line":31,"column":63}},"3":{"start":{"line":32,"column":17},"end":{"line":32,"column":28}},"4":{"start":{"line":33,"column":16},"end":{"line":33,"column":26}},"5":{"start":{"line":34,"column":36},"end":{"line":34,"column":50}},"6":{"start":{"line":36,"column":23},"end":{"line":36,"column":54}},"7":{"start":{"line":38,"column":2},"end":{"line":58,"column":9}},"8":{"start":{"line":39,"column":22},"end":{"line":55,"column":5}},"9":{"start":{"line":40,"column":6},"end":{"line":40,"column":25}},"10":{"start":{"line":41,"column":6},"end":{"line":54,"column":7}},"11":{"start":{"line":42,"column":22},"end":{"line":42,"column":65}},"12":{"start":{"line":43,"column":19},"end":{"line":43,"column":38}},"13":{"start":{"line":44,"column":22},"end":{"line":44,"column":98}},"14":{"start":{"line":45,"column":8},"end":{"line":50,"column":9}},"15":{"start":{"line":46,"column":10},"end":{"line":46,"column":68}},"16":{"start":{"line":47,"column":10},"end":{"line":47,"column":46}},"17":{"start":{"line":49,"column":10},"end":{"line":49,"column":30}},"18":{"start":{"line":52,"column":8},"end":{"line":52,"column":63}},"19":{"start":{"line":53,"column":8},"end":{"line":53,"column":28}},"20":{"start":{"line":57,"column":4},"end":{"line":57,"column":16}},"21":{"start":{"line":60,"column":23},"end":{"line":164,"column":3}},"22":{"start":{"line":61,"column":4},"end":{"line":64,"column":5}},"23":{"start":{"line":62,"column":6},"end":{"line":62,"column":63}},"24":{"start":{"line":63,"column":6},"end":{"line":63,"column":13}},"25":{"start":{"line":66,"column":4},"end":{"line":66,"column":23}},"26":{"start":{"line":68,"column":4},"end":{"line":163,"column":5}},"27":{"start":{"line":70,"column":24},"end":{"line":70,"column":40}},"28":{"start":{"line":71,"column":6},"end":{"line":75,"column":7}},"29":{"start":{"line":72,"column":8},"end":{"line":72,"column":28}},"30":{"start":{"line":73,"column":8},"end":{"line":73,"column":92}},"31":{"start":{"line":74,"column":8},"end":{"line":74,"column":15}},"32":{"start":{"line":77,"column":23},"end":{"line":84,"column":7}},"33":{"start":{"line":86,"column":6},"end":{"line":86,"column":64}},"34":{"start":{"line":87,"column":27},"end":{"line":87,"column":48}},"35":{"start":{"line":88,"column":6},"end":{"line":88,"column":59}},"36":{"start":{"line":90,"column":6},"end":{"line":98,"column":7}},"37":{"start":{"line":91,"column":8},"end":{"line":91,"column":28}},"38":{"start":{"line":92,"column":8},"end":{"line":96,"column":9}},"39":{"start":{"line":93,"column":10},"end":{"line":93,"column":61}},"40":{"start":{"line":95,"column":10},"end":{"line":95,"column":101}},"41":{"start":{"line":97,"column":8},"end":{"line":97,"column":15}},"42":{"start":{"line":100,"column":19},"end":{"line":100,"column":43}},"43":{"start":{"line":101,"column":6},"end":{"line":101,"column":47}},"44":{"start":{"line":103,"column":6},"end":{"line":158,"column":7}},"45":{"start":{"line":104,"column":8},"end":{"line":154,"column":9}},"46":{"start":{"line":105,"column":21},"end":{"line":105,"column":40}},"47":{"start":{"line":106,"column":28},"end":{"line":106,"column":38}},"48":{"start":{"line":107,"column":24},"end":{"line":107,"column":42}},"49":{"start":{"line":108,"column":10},"end":{"line":108,"column":49}},"50":{"start":{"line":111,"column":10},"end":{"line":111,"column":38}},"51":{"start":{"line":113,"column":31},"end":{"line":116,"column":11}},"52":{"start":{"line":118,"column":10},"end":{"line":129,"column":11}},"53":{"start":{"line":119,"column":27},"end":{"line":119,"column":41}},"54":{"start":{"line":120,"column":12},"end":{"line":123,"column":14}},"55":{"start":{"line":124,"column":17},"end":{"line":129,"column":11}},"56":{"start":{"line":125,"column":12},"end":{"line":128,"column":14}},"57":{"start":{"line":131,"column":10},"end":{"line":145,"column":11}},"58":{"start":{"line":133,"column":12},"end":{"line":133,"column":32}},"59":{"start":{"line":134,"column":12},"end":{"line":134,"column":53}},"60":{"start":{"line":136,"column":12},"end":{"line":136,"column":80}},"61":{"start":{"line":137,"column":12},"end":{"line":144,"column":13}},"62":{"start":{"line":138,"column":14},"end":{"line":141,"column":16}},"63":{"start":{"line":143,"column":14},"end":{"line":143,"column":109}},"64":{"start":{"line":147,"column":10},"end":{"line":147,"column":30}},"65":{"start":{"line":148,"column":10},"end":{"line":148,"column":54}},"66":{"start":{"line":149,"column":10},"end":{"line":149,"column":43}},"67":{"start":{"line":151,"column":10},"end":{"line":151,"column":30}},"68":{"start":{"line":152,"column":10},"end":{"line":152,"column":58}},"69":{"start":{"line":153,"column":10},"end":{"line":153,"column":60}},"70":{"start":{"line":156,"column":8},"end":{"line":156,"column":28}},"71":{"start":{"line":157,"column":8},"end":{"line":157,"column":82}},"72":{"start":{"line":160,"column":6},"end":{"line":160,"column":26}},"73":{"start":{"line":161,"column":6},"end":{"line":161,"column":63}},"74":{"start":{"line":162,"column":6},"end":{"line":162,"column":74}},"75":{"start":{"line":166,"column":2},"end":{"line":168,"column":3}},"76":{"start":{"line":167,"column":4},"end":{"line":167,"column":87}},"77":{"start":{"line":170,"column":2},"end":{"line":237,"column":4}},"78":{"start":{"line":213,"column":31},"end":{"line":213,"column":67}},"79":{"start":{"line":228,"column":27},"end":{"line":228,"column":49}},"80":{"start":{"line":240,"column":15},"end":{"line":249,"column":2}}},"fnMap":{"0":{"name":"SignIn","decl":{"start":{"line":28,"column":24},"end":{"line":28,"column":30}},"loc":{"start":{"line":28,"column":33},"end":{"line":238,"column":1}},"line":28},"1":{"name":"(anonymous_1)","decl":{"start":{"line":38,"column":12},"end":{"line":38,"column":13}},"loc":{"start":{"line":38,"column":18},"end":{"line":58,"column":3}},"line":38},"2":{"name":"(anonymous_2)","decl":{"start":{"line":39,"column":22},"end":{"line":39,"column":23}},"loc":{"start":{"line":39,"column":34},"end":{"line":55,"column":5}},"line":39},"3":{"name":"(anonymous_3)","decl":{"start":{"line":60,"column":23},"end":{"line":60,"column":24}},"loc":{"start":{"line":60,"column":35},"end":{"line":164,"column":3}},"line":60},"4":{"name":"(anonymous_4)","decl":{"start":{"line":213,"column":25},"end":{"line":213,"column":26}},"loc":{"start":{"line":213,"column":31},"end":{"line":213,"column":67}},"line":213},"5":{"name":"(anonymous_5)","decl":{"start":{"line":228,"column":21},"end":{"line":228,"column":22}},"loc":{"start":{"line":228,"column":27},"end":{"line":228,"column":49}},"line":228}},"branchMap":{"0":{"loc":{"start":{"line":45,"column":8},"end":{"line":50,"column":9}},"type":"if","locations":[{"start":{"line":45,"column":8},"end":{"line":50,"column":9}},{"start":{"line":48,"column":15},"end":{"line":50,"column":9}}],"line":45},"1":{"loc":{"start":{"line":45,"column":12},"end":{"line":45,"column":37}},"type":"binary-expr","locations":[{"start":{"line":45,"column":12},"end":{"line":45,"column":17}},{"start":{"line":45,"column":21},"end":{"line":45,"column":37}}],"line":45},"2":{"loc":{"start":{"line":61,"column":4},"end":{"line":64,"column":5}},"type":"if","locations":[{"start":{"line":61,"column":4},"end":{"line":64,"column":5}},{"start":{},"end":{}}],"line":61},"3":{"loc":{"start":{"line":61,"column":8},"end":{"line":61,"column":27}},"type":"binary-expr","locations":[{"start":{"line":61,"column":8},"end":{"line":61,"column":14}},{"start":{"line":61,"column":18},"end":{"line":61,"column":27}}],"line":61},"4":{"loc":{"start":{"line":71,"column":6},"end":{"line":75,"column":7}},"type":"if","locations":[{"start":{"line":71,"column":6},"end":{"line":75,"column":7}},{"start":{},"end":{}}],"line":71},"5":{"loc":{"start":{"line":90,"column":6},"end":{"line":98,"column":7}},"type":"if","locations":[{"start":{"line":90,"column":6},"end":{"line":98,"column":7}},{"start":{},"end":{}}],"line":90},"6":{"loc":{"start":{"line":92,"column":8},"end":{"line":96,"column":9}},"type":"if","locations":[{"start":{"line":92,"column":8},"end":{"line":96,"column":9}},{"start":{"line":94,"column":15},"end":{"line":96,"column":9}}],"line":92},"7":{"loc":{"start":{"line":103,"column":6},"end":{"line":158,"column":7}},"type":"if","locations":[{"start":{"line":103,"column":6},"end":{"line":158,"column":7}},{"start":{"line":155,"column":13},"end":{"line":158,"column":7}}],"line":103},"8":{"loc":{"start":{"line":118,"column":10},"end":{"line":129,"column":11}},"type":"if","locations":[{"start":{"line":118,"column":10},"end":{"line":129,"column":11}},{"start":{"line":124,"column":17},"end":{"line":129,"column":11}}],"line":118},"9":{"loc":{"start":{"line":124,"column":17},"end":{"line":129,"column":11}},"type":"if","locations":[{"start":{"line":124,"column":17},"end":{"line":129,"column":11}},{"start":{},"end":{}}],"line":124},"10":{"loc":{"start":{"line":137,"column":12},"end":{"line":144,"column":13}},"type":"if","locations":[{"start":{"line":137,"column":12},"end":{"line":144,"column":13}},{"start":{"line":142,"column":19},"end":{"line":144,"column":13}}],"line":137},"11":{"loc":{"start":{"line":166,"column":2},"end":{"line":168,"column":3}},"type":"if","locations":[{"start":{"line":166,"column":2},"end":{"line":168,"column":3}},{"start":{},"end":{}}],"line":166},"12":{"loc":{"start":{"line":176,"column":18},"end":{"line":176,"column":62}},"type":"cond-expr","locations":[{"start":{"line":176,"column":42},"end":{"line":176,"column":51}},{"start":{"line":176,"column":54},"end":{"line":176,"column":62}}],"line":176},"13":{"loc":{"start":{"line":212,"column":22},"end":{"line":212,"column":57}},"type":"cond-expr","locations":[{"start":{"line":212,"column":40},"end":{"line":212,"column":49}},{"start":{"line":212,"column":52},"end":{"line":212,"column":57}}],"line":212}},"s":{"0":0,"1":0,"2":0,"3":0,"4":0,"5":0,"6":0,"7":0,"8":0,"9":0,"10":0,"11":0,"12":0,"13":0,"14":0,"15":0,"16":0,"17":0,"18":0,"19":0,"20":0,"21":0,"22":0,"23":0,"24":0,"25":0,"26":0,"27":0,"28":0,"29":0,"30":0,"31":0,"32":0,"33":0,"34":0,"35":0,"36":0,"37":0,"38":0,"39":0,"40":0,"41":0,"42":0,"43":0,"44":0,"45":0,"46":0,"47":0,"48":0,"49":0,"50":0,"51":0,"52":0,"53":0,"54":0,"55":0,"56":0,"57":0,"58":0,"59":0,"60":0,"61":0,"62":0,"63":0,"64":0,"65":0,"66":0,"67":0,"68":0,"69":0,"70":0,"71":0,"72":0,"73":0,"74":0,"75":0,"76":0,"77":0,"78":0,"79":0,"80":0},"f":{"0":0,"1":0,"2":0,"3":0,"4":0,"5":0},"b":{"0":[0,0],"1":[0,0],"2":[0,0],"3":[0,0],"4":[0,0],"5":[0,0],"6":[0,0],"7":[0,0],"8":[0,0],"9":[0,0],"10":[0,0],"11":[0,0],"12":[0,0],"13":[0,0]}}
,"E:\\Johny\\OneDrive\\2. LONDON\\Last semester\\Final Project 2\\Mobile App\\Mobile Application-Midterm Submitted\\Remindly app 8.1\\app\\signup.js": {"path":"E:\\Johny\\OneDrive\\2. LONDON\\Last semester\\Final Project 2\\Mobile App\\Mobile Application-Midterm Submitted\\Remindly app 8.1\\app\\signup.js","statementMap":{"0":{"start":{"line":25,"column":26},"end":{"line":25,"column":38}},"1":{"start":{"line":26,"column":28},"end":{"line":26,"column":40}},"2":{"start":{"line":27,"column":36},"end":{"line":27,"column":48}},"3":{"start":{"line":28,"column":36},"end":{"line":28,"column":48}},"4":{"start":{"line":29,"column":50},"end":{"line":29,"column":65}},"5":{"start":{"line":30,"column":50},"end":{"line":30,"column":65}},"6":{"start":{"line":31,"column":32},"end":{"line":31,"column":47}},"7":{"start":{"line":33,"column":23},"end":{"line":33,"column":54}},"8":{"start":{"line":34,"column":17},"end":{"line":34,"column":28}},"9":{"start":{"line":36,"column":23},"end":{"line":36,"column":74}},"10":{"start":{"line":36,"column":34},"end":{"line":36,"column":74}},"11":{"start":{"line":38,"column":27},"end":{"line":53,"column":3}},"12":{"start":{"line":39,"column":25},"end":{"line":45,"column":5}},"13":{"start":{"line":47,"column":4},"end":{"line":51,"column":5}},"14":{"start":{"line":48,"column":6},"end":{"line":50,"column":7}},"15":{"start":{"line":49,"column":8},"end":{"line":49,"column":62}},"16":{"start":{"line":52,"column":4},"end":{"line":52,"column":27}},"17":{"start":{"line":55,"column":23},"end":{"line":129,"column":3}},"18":{"start":{"line":56,"column":4},"end":{"line":59,"column":5}},"19":{"start":{"line":57,"column":6},"end":{"line":57,"column":74}},"20":{"start":{"line":58,"column":6},"end":{"line":58,"column":13}},"21":{"start":{"line":61,"column":31},"end":{"line":61,"column":58}},"22":{"start":{"line":62,"column":4},"end":{"line":65,"column":5}},"23":{"start":{"line":63,"column":6},"end":{"line":63,"column":63}},"24":{"start":{"line":64,"column":6},"end":{"line":64,"column":13}},"25":{"start":{"line":67,"column":4},"end":{"line":70,"column":5}},"26":{"start":{"line":68,"column":6},"end":{"line":68,"column":85}},"27":{"start":{"line":69,"column":6},"end":{"line":69,"column":13}},"28":{"start":{"line":72,"column":4},"end":{"line":75,"column":5}},"29":{"start":{"line":73,"column":6},"end":{"line":73,"column":59}},"30":{"start":{"line":74,"column":6},"end":{"line":74,"column":13}},"31":{"start":{"line":77,"column":21},"end":{"line":77,"column":57}},"32":{"start":{"line":78,"column":4},"end":{"line":78,"column":21}},"33":{"start":{"line":80,"column":4},"end":{"line":128,"column":5}},"34":{"start":{"line":81,"column":17},"end":{"line":81,"column":36}},"35":{"start":{"line":82,"column":27},"end":{"line":85,"column":7}},"36":{"start":{"line":87,"column":6},"end":{"line":91,"column":7}},"37":{"start":{"line":88,"column":8},"end":{"line":88,"column":26}},"38":{"start":{"line":89,"column":8},"end":{"line":89,"column":105}},"39":{"start":{"line":90,"column":8},"end":{"line":90,"column":15}},"40":{"start":{"line":93,"column":23},"end":{"line":100,"column":7}},"41":{"start":{"line":102,"column":19},"end":{"line":102,"column":40}},"42":{"start":{"line":104,"column":6},"end":{"line":122,"column":7}},"43":{"start":{"line":105,"column":8},"end":{"line":119,"column":9}},"44":{"start":{"line":106,"column":28},"end":{"line":106,"column":38}},"45":{"start":{"line":107,"column":25},"end":{"line":107,"column":39}},"46":{"start":{"line":109,"column":10},"end":{"line":112,"column":12}},"47":{"start":{"line":114,"column":10},"end":{"line":114,"column":85}},"48":{"start":{"line":115,"column":10},"end":{"line":115,"column":33}},"49":{"start":{"line":117,"column":10},"end":{"line":117,"column":50}},"50":{"start":{"line":118,"column":10},"end":{"line":118,"column":68}},"51":{"start":{"line":121,"column":8},"end":{"line":121,"column":68}},"52":{"start":{"line":124,"column":6},"end":{"line":124,"column":73}},"53":{"start":{"line":125,"column":6},"end":{"line":125,"column":37}},"54":{"start":{"line":127,"column":6},"end":{"line":127,"column":24}},"55":{"start":{"line":131,"column":21},"end":{"line":133,"column":3}},"56":{"start":{"line":132,"column":4},"end":{"line":132,"column":27}},"57":{"start":{"line":135,"column":2},"end":{"line":240,"column":4}},"58":{"start":{"line":185,"column":33},"end":{"line":185,"column":71}},"59":{"start":{"line":204,"column":33},"end":{"line":204,"column":71}},"60":{"start":{"line":243,"column":15},"end":{"line":252,"column":2}}},"fnMap":{"0":{"name":"SignUp","decl":{"start":{"line":24,"column":24},"end":{"line":24,"column":30}},"loc":{"start":{"line":24,"column":33},"end":{"line":241,"column":1}},"line":24},"1":{"name":"(anonymous_1)","decl":{"start":{"line":36,"column":23},"end":{"line":36,"column":24}},"loc":{"start":{"line":36,"column":34},"end":{"line":36,"column":74}},"line":36},"2":{"name":"(anonymous_2)","decl":{"start":{"line":38,"column":27},"end":{"line":38,"column":28}},"loc":{"start":{"line":38,"column":41},"end":{"line":53,"column":3}},"line":38},"3":{"name":"(anonymous_3)","decl":{"start":{"line":55,"column":23},"end":{"line":55,"column":24}},"loc":{"start":{"line":55,"column":35},"end":{"line":129,"column":3}},"line":55},"4":{"name":"(anonymous_4)","decl":{"start":{"line":131,"column":21},"end":{"line":131,"column":22}},"loc":{"start":{"line":131,"column":27},"end":{"line":133,"column":3}},"line":131},"5":{"name":"(anonymous_5)","decl":{"start":{"line":185,"column":27},"end":{"line":185,"column":28}},"loc":{"start":{"line":185,"column":33},"end":{"line":185,"column":71}},"line":185},"6":{"name":"(anonymous_6)","decl":{"start":{"line":204,"column":27},"end":{"line":204,"column":28}},"loc":{"start":{"line":204,"column":33},"end":{"line":204,"column":71}},"line":204}},"branchMap":{"0":{"loc":{"start":{"line":48,"column":6},"end":{"line":50,"column":7}},"type":"if","locations":[{"start":{"line":48,"column":6},"end":{"line":50,"column":7}},{"start":{},"end":{}}],"line":48},"1":{"loc":{"start":{"line":56,"column":4},"end":{"line":59,"column":5}},"type":"if","locations":[{"start":{"line":56,"column":4},"end":{"line":59,"column":5}},{"start":{},"end":{}}],"line":56},"2":{"loc":{"start":{"line":62,"column":4},"end":{"line":65,"column":5}},"type":"if","locations":[{"start":{"line":62,"column":4},"end":{"line":65,"column":5}},{"start":{},"end":{}}],"line":62},"3":{"loc":{"start":{"line":67,"column":4},"end":{"line":70,"column":5}},"type":"if","locations":[{"start":{"line":67,"column":4},"end":{"line":70,"column":5}},{"start":{},"end":{}}],"line":67},"4":{"loc":{"start":{"line":72,"column":4},"end":{"line":75,"column":5}},"type":"if","locations":[{"start":{"line":72,"column":4},"end":{"line":75,"column":5}},{"start":{},"end":{}}],"line":72},"5":{"loc":{"start":{"line":87,"column":6},"end":{"line":91,"column":7}},"type":"if","locations":[{"start":{"line":87,"column":6},"end":{"line":91,"column":7}},{"start":{},"end":{}}],"line":87},"6":{"loc":{"start":{"line":104,"column":6},"end":{"line":122,"column":7}},"type":"if","locations":[{"start":{"line":104,"column":6},"end":{"line":122,"column":7}},{"start":{"line":120,"column":13},"end":{"line":122,"column":7}}],"line":104},"7":{"loc":{"start":{"line":121,"column":29},"end":{"line":121,"column":66}},"type":"binary-expr","locations":[{"start":{"line":121,"column":29},"end":{"line":121,"column":39}},{"start":{"line":121,"column":43},"end":{"line":121,"column":66}}],"line":121},"8":{"loc":{"start":{"line":168,"column":45},"end":{"line":168,"column":85}},"type":"binary-expr","locations":[{"start":{"line":168,"column":45},"end":{"line":168,"column":61}},{"start":{"line":168,"column":65},"end":{"line":168,"column":85}}],"line":168},"9":{"loc":{"start":{"line":184,"column":24},"end":{"line":184,"column":60}},"type":"cond-expr","locations":[{"start":{"line":184,"column":43},"end":{"line":184,"column":52}},{"start":{"line":184,"column":55},"end":{"line":184,"column":60}}],"line":184},"10":{"loc":{"start":{"line":203,"column":24},"end":{"line":203,"column":60}},"type":"cond-expr","locations":[{"start":{"line":203,"column":43},"end":{"line":203,"column":52}},{"start":{"line":203,"column":55},"end":{"line":203,"column":60}}],"line":203},"11":{"loc":{"start":{"line":211,"column":23},"end":{"line":211,"column":70}},"type":"binary-expr","locations":[{"start":{"line":211,"column":23},"end":{"line":211,"column":43}},{"start":{"line":211,"column":47},"end":{"line":211,"column":70}}],"line":211}},"s":{"0":0,"1":0,"2":0,"3":0,"4":0,"5":0,"6":0,"7":0,"8":0,"9":0,"10":0,"11":0,"12":0,"13":0,"14":0,"15":0,"16":0,"17":0,"18":0,"19":0,"20":0,"21":0,"22":0,"23":0,"24":0,"25":0,"26":0,"27":0,"28":0,"29":0,"30":0,"31":0,"32":0,"33":0,"34":0,"35":0,"36":0,"37":0,"38":0,"39":0,"40":0,"41":0,"42":0,"43":0,"44":0,"45":0,"46":0,"47":0,"48":0,"49":0,"50":0,"51":0,"52":0,"53":0,"54":0,"55":0,"56":0,"57":0,"58":0,"59":0,"60":0},"f":{"0":0,"1":0,"2":0,"3":0,"4":0,"5":0,"6":0},"b":{"0":[0,0],"1":[0,0],"2":[0,0],"3":[0,0],"4":[0,0],"5":[0,0],"6":[0,0],"7":[0,0],"8":[0,0],"9":[0,0],"10":[0,0],"11":[0,0]}}
,"E:\\Johny\\OneDrive\\2. LONDON\\Last semester\\Final Project 2\\Mobile App\\Mobile Application-Midterm Submitted\\Remindly app 8.1\\app\\taskStorage.js": {"path":"E:\\Johny\\OneDrive\\2. LONDON\\Last semester\\Final Project 2\\Mobile App\\Mobile Application-Midterm Submitted\\Remindly app 8.1\\app\\taskStorage.js","statementMap":{"0":{"start":{"line":4,"column":20},"end":{"line":311,"column":1}},"1":{"start":{"line":6,"column":4},"end":{"line":63,"column":5}},"2":{"start":{"line":7,"column":17},"end":{"line":7,"column":36}},"3":{"start":{"line":10,"column":20},"end":{"line":13,"column":7}},"4":{"start":{"line":16,"column":21},"end":{"line":57,"column":9}},"5":{"start":{"line":17,"column":22},"end":{"line":20,"column":9}},"6":{"start":{"line":22,"column":34},"end":{"line":47,"column":11}},"7":{"start":{"line":23,"column":27},"end":{"line":26,"column":11}},"8":{"start":{"line":28,"column":10},"end":{"line":46,"column":12}},"9":{"start":{"line":37,"column":47},"end":{"line":45,"column":13}},"10":{"start":{"line":49,"column":8},"end":{"line":56,"column":10}},"11":{"start":{"line":59,"column":6},"end":{"line":59,"column":20}},"12":{"start":{"line":61,"column":6},"end":{"line":61,"column":51}},"13":{"start":{"line":62,"column":6},"end":{"line":62,"column":18}},"14":{"start":{"line":67,"column":4},"end":{"line":249,"column":5}},"15":{"start":{"line":68,"column":6},"end":{"line":70,"column":7}},"16":{"start":{"line":69,"column":8},"end":{"line":69,"column":64}},"17":{"start":{"line":72,"column":17},"end":{"line":72,"column":36}},"18":{"start":{"line":73,"column":24},"end":{"line":73,"column":34}},"19":{"start":{"line":76,"column":26},"end":{"line":76,"column":31}},"20":{"start":{"line":77,"column":6},"end":{"line":87,"column":7}},"21":{"start":{"line":79,"column":8},"end":{"line":79,"column":47}},"22":{"start":{"line":80,"column":8},"end":{"line":80,"column":29}},"23":{"start":{"line":83,"column":8},"end":{"line":85,"column":9}},"24":{"start":{"line":84,"column":10},"end":{"line":84,"column":22}},"25":{"start":{"line":86,"column":8},"end":{"line":86,"column":70}},"26":{"start":{"line":89,"column":6},"end":{"line":245,"column":7}},"27":{"start":{"line":94,"column":29},"end":{"line":97,"column":9}},"28":{"start":{"line":100,"column":27},"end":{"line":100,"column":62}},"29":{"start":{"line":100,"column":53},"end":{"line":100,"column":60}},"30":{"start":{"line":103,"column":8},"end":{"line":111,"column":9}},"31":{"start":{"line":104,"column":10},"end":{"line":110,"column":11}},"32":{"start":{"line":105,"column":12},"end":{"line":105,"column":64}},"33":{"start":{"line":106,"column":12},"end":{"line":109,"column":14}},"34":{"start":{"line":114,"column":8},"end":{"line":216,"column":9}},"35":{"start":{"line":115,"column":25},"end":{"line":115,"column":50}},"36":{"start":{"line":118,"column":31},"end":{"line":121,"column":11}},"37":{"start":{"line":124,"column":29},"end":{"line":124,"column":69}},"38":{"start":{"line":124,"column":60},"end":{"line":124,"column":67}},"39":{"start":{"line":127,"column":10},"end":{"line":135,"column":11}},"40":{"start":{"line":128,"column":12},"end":{"line":134,"column":13}},"41":{"start":{"line":129,"column":14},"end":{"line":129,"column":66}},"42":{"start":{"line":130,"column":14},"end":{"line":133,"column":16}},"43":{"start":{"line":138,"column":10},"end":{"line":150,"column":12}},"44":{"start":{"line":153,"column":10},"end":{"line":215,"column":11}},"45":{"start":{"line":154,"column":27},"end":{"line":154,"column":52}},"46":{"start":{"line":157,"column":36},"end":{"line":160,"column":13}},"47":{"start":{"line":163,"column":34},"end":{"line":163,"column":83}},"48":{"start":{"line":163,"column":71},"end":{"line":163,"column":81}},"49":{"start":{"line":166,"column":12},"end":{"line":174,"column":13}},"50":{"start":{"line":167,"column":14},"end":{"line":173,"column":15}},"51":{"start":{"line":168,"column":16},"end":{"line":168,"column":74}},"52":{"start":{"line":169,"column":16},"end":{"line":172,"column":18}},"53":{"start":{"line":177,"column":12},"end":{"line":192,"column":14}},"54":{"start":{"line":195,"column":12},"end":{"line":214,"column":13}},"55":{"start":{"line":196,"column":32},"end":{"line":196,"column":60}},"56":{"start":{"line":199,"column":14},"end":{"line":213,"column":16}},"57":{"start":{"line":219,"column":8},"end":{"line":221,"column":9}},"58":{"start":{"line":220,"column":10},"end":{"line":220,"column":38}},"59":{"start":{"line":224,"column":8},"end":{"line":234,"column":9}},"60":{"start":{"line":225,"column":10},"end":{"line":225,"column":63}},"61":{"start":{"line":226,"column":10},"end":{"line":230,"column":13}},"62":{"start":{"line":232,"column":10},"end":{"line":232,"column":64}},"63":{"start":{"line":237,"column":8},"end":{"line":243,"column":9}},"64":{"start":{"line":238,"column":10},"end":{"line":242,"column":11}},"65":{"start":{"line":239,"column":12},"end":{"line":239,"column":42}},"66":{"start":{"line":241,"column":12},"end":{"line":241,"column":67}},"67":{"start":{"line":244,"column":8},"end":{"line":244,"column":20}},"68":{"start":{"line":247,"column":6},"end":{"line":247,"column":50}},"69":{"start":{"line":248,"column":6},"end":{"line":248,"column":18}},"70":{"start":{"line":253,"column":4},"end":{"line":309,"column":5}},"71":{"start":{"line":254,"column":17},"end":{"line":254,"column":36}},"72":{"start":{"line":255,"column":24},"end":{"line":255,"column":34}},"73":{"start":{"line":258,"column":26},"end":{"line":258,"column":31}},"74":{"start":{"line":259,"column":6},"end":{"line":267,"column":7}},"75":{"start":{"line":260,"column":8},"end":{"line":260,"column":47}},"76":{"start":{"line":261,"column":8},"end":{"line":261,"column":29}},"77":{"start":{"line":263,"column":8},"end":{"line":265,"column":9}},"78":{"start":{"line":264,"column":10},"end":{"line":264,"column":22}},"79":{"start":{"line":266,"column":8},"end":{"line":266,"column":70}},"80":{"start":{"line":269,"column":6},"end":{"line":305,"column":7}},"81":{"start":{"line":270,"column":8},"end":{"line":273,"column":10}},"82":{"start":{"line":275,"column":8},"end":{"line":279,"column":10}},"83":{"start":{"line":281,"column":8},"end":{"line":288,"column":10}},"84":{"start":{"line":290,"column":8},"end":{"line":292,"column":9}},"85":{"start":{"line":291,"column":10},"end":{"line":291,"column":38}},"86":{"start":{"line":295,"column":8},"end":{"line":295,"column":22}},"87":{"start":{"line":297,"column":8},"end":{"line":303,"column":9}},"88":{"start":{"line":298,"column":10},"end":{"line":302,"column":11}},"89":{"start":{"line":299,"column":12},"end":{"line":299,"column":42}},"90":{"start":{"line":301,"column":12},"end":{"line":301,"column":67}},"91":{"start":{"line":304,"column":8},"end":{"line":304,"column":20}},"92":{"start":{"line":307,"column":6},"end":{"line":307,"column":51}},"93":{"start":{"line":308,"column":6},"end":{"line":308,"column":18}}},"fnMap":{"0":{"name":"(anonymous_0)","decl":{"start":{"line":5,"column":13},"end":{"line":5,"column":14}},"loc":{"start":{"line":5,"column":34},"end":{"line":64,"column":3}},"line":5},"1":{"name":"(anonymous_1)","decl":{"start":{"line":16,"column":49},"end":{"line":16,"column":50}},"loc":{"start":{"line":16,"column":65},"end":{"line":57,"column":7}},"line":16},"2":{"name":"(anonymous_2)","decl":{"start":{"line":22,"column":62},"end":{"line":22,"column":63}},"loc":{"start":{"line":22,"column":78},"end":{"line":47,"column":9}},"line":22},"3":{"name":"(anonymous_3)","decl":{"start":{"line":37,"column":35},"end":{"line":37,"column":36}},"loc":{"start":{"line":37,"column":47},"end":{"line":45,"column":13}},"line":37},"4":{"name":"(anonymous_4)","decl":{"start":{"line":66,"column":13},"end":{"line":66,"column":14}},"loc":{"start":{"line":66,"column":41},"end":{"line":250,"column":3}},"line":66},"5":{"name":"(anonymous_5)","decl":{"start":{"line":100,"column":45},"end":{"line":100,"column":46}},"loc":{"start":{"line":100,"column":53},"end":{"line":100,"column":60}},"line":100},"6":{"name":"(anonymous_6)","decl":{"start":{"line":124,"column":52},"end":{"line":124,"column":53}},"loc":{"start":{"line":124,"column":60},"end":{"line":124,"column":67}},"line":124},"7":{"name":"(anonymous_7)","decl":{"start":{"line":163,"column":60},"end":{"line":163,"column":61}},"loc":{"start":{"line":163,"column":71},"end":{"line":163,"column":81}},"line":163},"8":{"name":"(anonymous_8)","decl":{"start":{"line":252,"column":12},"end":{"line":252,"column":13}},"loc":{"start":{"line":252,"column":33},"end":{"line":310,"column":3}},"line":252}},"branchMap":{"0":{"loc":{"start":{"line":68,"column":6},"end":{"line":70,"column":7}},"type":"if","locations":[{"start":{"line":68,"column":6},"end":{"line":70,"column":7}},{"start":{},"end":{}}],"line":68},"1":{"loc":{"start":{"line":83,"column":8},"end":{"line":85,"column":9}},"type":"if","locations":[{"start":{"line":83,"column":8},"end":{"line":85,"column":9}},{"start":{},"end":{}}],"line":83},"2":{"loc":{"start":{"line":104,"column":10},"end":{"line":110,"column":11}},"type":"if","locations":[{"start":{"line":104,"column":10},"end":{"line":110,"column":11}},{"start":{},"end":{}}],"line":104},"3":{"loc":{"start":{"line":115,"column":25},"end":{"line":115,"column":50}},"type":"binary-expr","locations":[{"start":{"line":115,"column":25},"end":{"line":115,"column":32}},{"start":{"line":115,"column":36},"end":{"line":115,"column":50}}],"line":115},"4":{"loc":{"start":{"line":128,"column":12},"end":{"line":134,"column":13}},"type":"if","locations":[{"start":{"line":128,"column":12},"end":{"line":134,"column":13}},{"start":{},"end":{}}],"line":128},"5":{"loc":{"start":{"line":146,"column":14},"end":{"line":146,"column":42}},"type":"binary-expr","locations":[{"start":{"line":146,"column":14},"end":{"line":146,"column":29}},{"start":{"line":146,"column":33},"end":{"line":146,"column":42}}],"line":146},"6":{"loc":{"start":{"line":148,"column":14},"end":{"line":148,"column":36}},"type":"binary-expr","locations":[{"start":{"line":148,"column":14},"end":{"line":148,"column":28}},{"start":{"line":148,"column":32},"end":{"line":148,"column":36}}],"line":148},"7":{"loc":{"start":{"line":154,"column":27},"end":{"line":154,"column":52}},"type":"binary-expr","locations":[{"start":{"line":154,"column":27},"end":{"line":154,"column":34}},{"start":{"line":154,"column":38},"end":{"line":154,"column":52}}],"line":154},"8":{"loc":{"start":{"line":167,"column":14},"end":{"line":173,"column":15}},"type":"if","locations":[{"start":{"line":167,"column":14},"end":{"line":173,"column":15}},{"start":{},"end":{}}],"line":167},"9":{"loc":{"start":{"line":186,"column":16},"end":{"line":186,"column":40}},"type":"cond-expr","locations":[{"start":{"line":186,"column":35},"end":{"line":186,"column":36}},{"start":{"line":186,"column":39},"end":{"line":186,"column":40}}],"line":186},"10":{"loc":{"start":{"line":187,"column":16},"end":{"line":187,"column":39}},"type":"cond-expr","locations":[{"start":{"line":187,"column":34},"end":{"line":187,"column":35}},{"start":{"line":187,"column":38},"end":{"line":187,"column":39}}],"line":187},"11":{"loc":{"start":{"line":188,"column":16},"end":{"line":188,"column":44}},"type":"binary-expr","locations":[{"start":{"line":188,"column":16},"end":{"line":188,"column":31}},{"start":{"line":188,"column":35},"end":{"line":188,"column":44}}],"line":188},"12":{"loc":{"start":{"line":190,"column":16},"end":{"line":190,"column":38}},"type":"binary-expr","locations":[{"start":{"line":190,"column":16},"end":{"line":190,"column":30}},{"start":{"line":190,"column":34},"end":{"line":190,"column":38}}],"line":190},"13":{"loc":{"start":{"line":196,"column":32},"end":{"line":196,"column":60}},"type":"binary-expr","locations":[{"start":{"line":196,"column":32},"end":{"line":196,"column":42}},{"start":{"line":196,"column":46},"end":{"line":196,"column":60}}],"line":196},"14":{"loc":{"start":{"line":208,"column":18},"end":{"line":208,"column":45}},"type":"cond-expr","locations":[{"start":{"line":208,"column":40},"end":{"line":208,"column":41}},{"start":{"line":208,"column":44},"end":{"line":208,"column":45}}],"line":208},"15":{"loc":{"start":{"line":209,"column":18},"end":{"line":209,"column":49}},"type":"binary-expr","locations":[{"start":{"line":209,"column":18},"end":{"line":209,"column":36}},{"start":{"line":209,"column":40},"end":{"line":209,"column":49}}],"line":209},"16":{"loc":{"start":{"line":211,"column":18},"end":{"line":211,"column":43}},"type":"binary-expr","locations":[{"start":{"line":211,"column":18},"end":{"line":211,"column":35}},{"start":{"line":211,"column":39},"end":{"line":211,"column":43}}],"line":211},"17":{"loc":{"start":{"line":219,"column":8},"end":{"line":221,"column":9}},"type":"if","locations":[{"start":{"line":219,"column":8},"end":{"line":221,"column":9}},{"start":{},"end":{}}],"line":219},"18":{"loc":{"start":{"line":237,"column":8},"end":{"line":243,"column":9}},"type":"if","locations":[{"start":{"line":237,"column":8},"end":{"line":243,"column":9}},{"start":{},"end":{}}],"line":237},"19":{"loc":{"start":{"line":263,"column":8},"end":{"line":265,"column":9}},"type":"if","locations":[{"start":{"line":263,"column":8},"end":{"line":265,"column":9}},{"start":{},"end":{}}],"line":263},"20":{"loc":{"start":{"line":290,"column":8},"end":{"line":292,"column":9}},"type":"if","locations":[{"start":{"line":290,"column":8},"end":{"line":292,"column":9}},{"start":{},"end":{}}],"line":290},"21":{"loc":{"start":{"line":297,"column":8},"end":{"line":303,"column":9}},"type":"if","locations":[{"start":{"line":297,"column":8},"end":{"line":303,"column":9}},{"start":{},"end":{}}],"line":297}},"s":{"0":1,"1":1,"2":1,"3":1,"4":1,"5":1,"6":1,"7":1,"8":1,"9":1,"10":1,"11":1,"12":0,"13":0,"14":1,"15":1,"16":0,"17":1,"18":1,"19":1,"20":1,"21":1,"22":1,"23":0,"24":0,"25":0,"26":1,"27":1,"28":1,"29":1,"30":1,"31":1,"32":0,"33":0,"34":1,"35":1,"36":1,"37":1,"38":1,"39":1,"40":1,"41":0,"42":0,"43":1,"44":1,"45":1,"46":1,"47":1,"48":1,"49":1,"50":1,"51":1,"52":1,"53":1,"54":1,"55":1,"56":1,"57":1,"58":1,"59":1,"60":1,"61":1,"62":0,"63":0,"64":0,"65":0,"66":0,"67":0,"68":0,"69":0,"70":1,"71":1,"72":1,"73":1,"74":1,"75":1,"76":1,"77":0,"78":0,"79":0,"80":1,"81":1,"82":1,"83":1,"84":1,"85":1,"86":1,"87":0,"88":0,"89":0,"90":0,"91":0,"92":0,"93":0},"f":{"0":1,"1":1,"2":1,"3":1,"4":1,"5":1,"6":1,"7":1,"8":1},"b":{"0":[0,1],"1":[0,0],"2":[0,1],"3":[1,0],"4":[0,1],"5":[1,1],"6":[1,1],"7":[1,0],"8":[1,0],"9":[0,1],"10":[0,1],"11":[1,1],"12":[1,1],"13":[1,0],"14":[0,1],"15":[1,1],"16":[1,1],"17":[1,0],"18":[0,0],"19":[0,0],"20":[1,0],"21":[0,0]},"_coverageSchema":"1a1c01bbd47fc00a2c39e90264f33305004495a9","hash":"c0150fbeb9fa9df1ff52531cbbbfbf426b8b0feb"}
,"E:\\Johny\\OneDrive\\2. LONDON\\Last semester\\Final Project 2\\Mobile App\\Mobile Application-Midterm Submitted\\Remindly app 8.1\\app\\taskslist.js": {"path":"E:\\Johny\\OneDrive\\2. LONDON\\Last semester\\Final Project 2\\Mobile App\\Mobile Application-Midterm Submitted\\Remindly app 8.1\\app\\taskslist.js","statementMap":{"0":{"start":{"line":49,"column":28},"end":{"line":49,"column":40}},"1":{"start":{"line":50,"column":40},"end":{"line":50,"column":52}},"2":{"start":{"line":51,"column":52},"end":{"line":51,"column":66}},"3":{"start":{"line":52,"column":40},"end":{"line":52,"column":52}},"4":{"start":{"line":53,"column":46},"end":{"line":53,"column":58}},"5":{"start":{"line":54,"column":44},"end":{"line":54,"column":59}},"6":{"start":{"line":55,"column":28},"end":{"line":55,"column":40}},"7":{"start":{"line":56,"column":34},"end":{"line":56,"column":54}},"8":{"start":{"line":57,"column":46},"end":{"line":57,"column":61}},"9":{"start":{"line":58,"column":44},"end":{"line":58,"column":58}},"10":{"start":{"line":59,"column":40},"end":{"line":59,"column":60}},"11":{"start":{"line":60,"column":60},"end":{"line":60,"column":75}},"12":{"start":{"line":61,"column":50},"end":{"line":61,"column":64}},"13":{"start":{"line":62,"column":52},"end":{"line":62,"column":66}},"14":{"start":{"line":63,"column":52},"end":{"line":63,"column":67}},"15":{"start":{"line":64,"column":52},"end":{"line":64,"column":67}},"16":{"start":{"line":65,"column":50},"end":{"line":65,"column":64}},"17":{"start":{"line":66,"column":54},"end":{"line":66,"column":68}},"18":{"start":{"line":67,"column":34},"end":{"line":67,"column":49}},"19":{"start":{"line":68,"column":40},"end":{"line":68,"column":52}},"20":{"start":{"line":69,"column":48},"end":{"line":69,"column":63}},"21":{"start":{"line":70,"column":46},"end":{"line":70,"column":60}},"22":{"start":{"line":71,"column":52},"end":{"line":71,"column":63}},"23":{"start":{"line":73,"column":17},"end":{"line":73,"column":28}},"24":{"start":{"line":74,"column":17},"end":{"line":74,"column":39}},"25":{"start":{"line":75,"column":16},"end":{"line":75,"column":26}},"26":{"start":{"line":77,"column":27},"end":{"line":77,"column":84}},"27":{"start":{"line":79,"column":26},"end":{"line":83,"column":3}},"28":{"start":{"line":80,"column":4},"end":{"line":82,"column":11}},"29":{"start":{"line":86,"column":24},"end":{"line":86,"column":42}},"30":{"start":{"line":89,"column":22},"end":{"line":89,"column":34}},"31":{"start":{"line":90,"column":22},"end":{"line":90,"column":34}},"32":{"start":{"line":93,"column":2},"end":{"line":97,"column":23}},"33":{"start":{"line":94,"column":4},"end":{"line":96,"column":5}},"34":{"start":{"line":95,"column":6},"end":{"line":95,"column":33}},"35":{"start":{"line":99,"column":2},"end":{"line":103,"column":27}},"36":{"start":{"line":100,"column":4},"end":{"line":102,"column":5}},"37":{"start":{"line":101,"column":6},"end":{"line":101,"column":33}},"38":{"start":{"line":105,"column":2},"end":{"line":128,"column":41}},"39":{"start":{"line":106,"column":4},"end":{"line":127,"column":5}},"40":{"start":{"line":111,"column":21},"end":{"line":111,"column":43}},"41":{"start":{"line":112,"column":24},"end":{"line":112,"column":51}},"42":{"start":{"line":113,"column":27},"end":{"line":113,"column":54}},"43":{"start":{"line":114,"column":24},"end":{"line":114,"column":50}},"44":{"start":{"line":116,"column":6},"end":{"line":126,"column":7}},"45":{"start":{"line":117,"column":8},"end":{"line":117,"column":40}},"46":{"start":{"line":119,"column":8},"end":{"line":123,"column":9}},"47":{"start":{"line":120,"column":10},"end":{"line":120,"column":79}},"48":{"start":{"line":122,"column":10},"end":{"line":122,"column":62}},"49":{"start":{"line":125,"column":8},"end":{"line":125,"column":35}},"50":{"start":{"line":130,"column":2},"end":{"line":134,"column":32}},"51":{"start":{"line":131,"column":4},"end":{"line":133,"column":5}},"52":{"start":{"line":132,"column":6},"end":{"line":132,"column":34}},"53":{"start":{"line":136,"column":43},"end":{"line":151,"column":3}},"54":{"start":{"line":137,"column":4},"end":{"line":150,"column":5}},"55":{"start":{"line":138,"column":6},"end":{"line":149,"column":9}},"56":{"start":{"line":139,"column":29},"end":{"line":139,"column":46}},"57":{"start":{"line":140,"column":26},"end":{"line":142,"column":9}},"58":{"start":{"line":141,"column":17},"end":{"line":141,"column":32}},"59":{"start":{"line":143,"column":8},"end":{"line":147,"column":9}},"60":{"start":{"line":144,"column":10},"end":{"line":144,"column":70}},"61":{"start":{"line":146,"column":10},"end":{"line":146,"column":22}},"62":{"start":{"line":148,"column":8},"end":{"line":148,"column":28}},"63":{"start":{"line":153,"column":21},"end":{"line":196,"column":3}},"64":{"start":{"line":154,"column":4},"end":{"line":195,"column":5}},"65":{"start":{"line":155,"column":6},"end":{"line":190,"column":8}},"66":{"start":{"line":167,"column":35},"end":{"line":167,"column":45}},"67":{"start":{"line":168,"column":14},"end":{"line":168,"column":44}},"68":{"start":{"line":169,"column":14},"end":{"line":169,"column":37}},"69":{"start":{"line":172,"column":14},"end":{"line":183,"column":15}},"70":{"start":{"line":173,"column":16},"end":{"line":179,"column":17}},"71":{"start":{"line":175,"column":35},"end":{"line":175,"column":60}},"72":{"start":{"line":176,"column":18},"end":{"line":176,"column":49}},"73":{"start":{"line":178,"column":18},"end":{"line":178,"column":45}},"74":{"start":{"line":180,"column":21},"end":{"line":183,"column":15}},"75":{"start":{"line":182,"column":16},"end":{"line":182,"column":60}},"76":{"start":{"line":186,"column":14},"end":{"line":186,"column":26}},"77":{"start":{"line":192,"column":6},"end":{"line":194,"column":9}},"78":{"start":{"line":198,"column":46},"end":{"line":224,"column":3}},"79":{"start":{"line":203,"column":4},"end":{"line":223,"column":5}},"80":{"start":{"line":204,"column":6},"end":{"line":222,"column":9}},"81":{"start":{"line":205,"column":29},"end":{"line":205,"column":46}},"82":{"start":{"line":206,"column":26},"end":{"line":208,"column":9}},"83":{"start":{"line":207,"column":17},"end":{"line":207,"column":38}},"84":{"start":{"line":209,"column":8},"end":{"line":220,"column":9}},"85":{"start":{"line":210,"column":31},"end":{"line":212,"column":59}},"86":{"start":{"line":212,"column":39},"end":{"line":212,"column":58}},"87":{"start":{"line":213,"column":10},"end":{"line":219,"column":11}},"88":{"start":{"line":214,"column":12},"end":{"line":216,"column":33}},"89":{"start":{"line":218,"column":12},"end":{"line":218,"column":24}},"90":{"start":{"line":221,"column":8},"end":{"line":221,"column":28}},"91":{"start":{"line":226,"column":2},"end":{"line":244,"column":9}},"92":{"start":{"line":227,"column":23},"end":{"line":242,"column":5}},"93":{"start":{"line":228,"column":6},"end":{"line":241,"column":7}},"94":{"start":{"line":229,"column":19},"end":{"line":229,"column":38}},"95":{"start":{"line":230,"column":21},"end":{"line":230,"column":99}},"96":{"start":{"line":231,"column":8},"end":{"line":237,"column":9}},"97":{"start":{"line":232,"column":10},"end":{"line":232,"column":31}},"98":{"start":{"line":233,"column":10},"end":{"line":233,"column":37}},"99":{"start":{"line":234,"column":10},"end":{"line":234,"column":32}},"100":{"start":{"line":236,"column":10},"end":{"line":236,"column":36}},"101":{"start":{"line":239,"column":8},"end":{"line":239,"column":59}},"102":{"start":{"line":240,"column":8},"end":{"line":240,"column":68}},"103":{"start":{"line":243,"column":4},"end":{"line":243,"column":17}},"104":{"start":{"line":247,"column":2},"end":{"line":265,"column":33}},"105":{"start":{"line":248,"column":34},"end":{"line":260,"column":5}},"106":{"start":{"line":249,"column":6},"end":{"line":259,"column":7}},"107":{"start":{"line":250,"column":8},"end":{"line":258,"column":9}},"108":{"start":{"line":251,"column":27},"end":{"line":254,"column":11}},"109":{"start":{"line":255,"column":10},"end":{"line":255,"column":78}},"110":{"start":{"line":257,"column":10},"end":{"line":257,"column":67}},"111":{"start":{"line":262,"column":4},"end":{"line":264,"column":5}},"112":{"start":{"line":263,"column":6},"end":{"line":263,"column":30}},"113":{"start":{"line":267,"column":23},"end":{"line":297,"column":3}},"114":{"start":{"line":268,"column":4},"end":{"line":296,"column":5}},"115":{"start":{"line":270,"column":6},"end":{"line":275,"column":7}},"116":{"start":{"line":271,"column":8},"end":{"line":271,"column":67}},"117":{"start":{"line":273,"column":8},"end":{"line":273,"column":63}},"118":{"start":{"line":277,"column":17},"end":{"line":277,"column":36}},"119":{"start":{"line":278,"column":24},"end":{"line":278,"column":34}},"120":{"start":{"line":280,"column":6},"end":{"line":283,"column":8}},"121":{"start":{"line":286,"column":6},"end":{"line":286,"column":53}},"122":{"start":{"line":287,"column":6},"end":{"line":287,"column":52}},"123":{"start":{"line":290,"column":6},"end":{"line":290,"column":19}},"124":{"start":{"line":291,"column":6},"end":{"line":291,"column":19}},"125":{"start":{"line":292,"column":6},"end":{"line":292,"column":32}},"126":{"start":{"line":294,"column":6},"end":{"line":294,"column":51}},"127":{"start":{"line":295,"column":6},"end":{"line":295,"column":67}},"128":{"start":{"line":299,"column":2},"end":{"line":301,"column":14}},"129":{"start":{"line":300,"column":4},"end":{"line":300,"column":26}},"130":{"start":{"line":303,"column":2},"end":{"line":307,"column":21}},"131":{"start":{"line":304,"column":4},"end":{"line":306,"column":5}},"132":{"start":{"line":305,"column":6},"end":{"line":305,"column":18}},"133":{"start":{"line":309,"column":25},"end":{"line":344,"column":3}},"134":{"start":{"line":310,"column":4},"end":{"line":343,"column":5}},"135":{"start":{"line":311,"column":25},"end":{"line":311,"column":63}},"136":{"start":{"line":312,"column":6},"end":{"line":312,"column":27}},"137":{"start":{"line":315,"column":6},"end":{"line":338,"column":7}},"138":{"start":{"line":316,"column":29},"end":{"line":316,"column":70}},"139":{"start":{"line":317,"column":8},"end":{"line":331,"column":9}},"140":{"start":{"line":318,"column":27},"end":{"line":318,"column":51}},"141":{"start":{"line":320,"column":10},"end":{"line":327,"column":11}},"142":{"start":{"line":323,"column":12},"end":{"line":323,"column":49}},"143":{"start":{"line":324,"column":17},"end":{"line":327,"column":11}},"144":{"start":{"line":326,"column":12},"end":{"line":326,"column":36}},"145":{"start":{"line":328,"column":15},"end":{"line":331,"column":9}},"146":{"start":{"line":330,"column":10},"end":{"line":330,"column":34}},"147":{"start":{"line":333,"column":8},"end":{"line":333,"column":68}},"148":{"start":{"line":335,"column":8},"end":{"line":337,"column":9}},"149":{"start":{"line":336,"column":10},"end":{"line":336,"column":34}},"150":{"start":{"line":340,"column":6},"end":{"line":342,"column":9}},"151":{"start":{"line":346,"column":20},"end":{"line":380,"column":3}},"152":{"start":{"line":347,"column":4},"end":{"line":379,"column":5}},"153":{"start":{"line":348,"column":6},"end":{"line":351,"column":7}},"154":{"start":{"line":349,"column":8},"end":{"line":349,"column":67}},"155":{"start":{"line":350,"column":8},"end":{"line":350,"column":15}},"156":{"start":{"line":353,"column":6},"end":{"line":356,"column":7}},"157":{"start":{"line":354,"column":8},"end":{"line":354,"column":71}},"158":{"start":{"line":355,"column":8},"end":{"line":355,"column":15}},"159":{"start":{"line":358,"column":6},"end":{"line":358,"column":24}},"160":{"start":{"line":359,"column":6},"end":{"line":359,"column":48}},"161":{"start":{"line":362,"column":23},"end":{"line":362,"column":33}},"162":{"start":{"line":363,"column":6},"end":{"line":363,"column":37}},"163":{"start":{"line":366,"column":6},"end":{"line":370,"column":7}},"164":{"start":{"line":367,"column":8},"end":{"line":367,"column":74}},"165":{"start":{"line":369,"column":8},"end":{"line":369,"column":60}},"166":{"start":{"line":373,"column":6},"end":{"line":373,"column":50}},"167":{"start":{"line":374,"column":6},"end":{"line":376,"column":9}},"168":{"start":{"line":378,"column":6},"end":{"line":378,"column":25}},"169":{"start":{"line":382,"column":18},"end":{"line":414,"column":3}},"170":{"start":{"line":383,"column":21},"end":{"line":383,"column":46}},"171":{"start":{"line":384,"column":4},"end":{"line":387,"column":5}},"172":{"start":{"line":385,"column":6},"end":{"line":385,"column":56}},"173":{"start":{"line":386,"column":6},"end":{"line":386,"column":13}},"174":{"start":{"line":389,"column":4},"end":{"line":392,"column":5}},"175":{"start":{"line":390,"column":6},"end":{"line":390,"column":61}},"176":{"start":{"line":391,"column":6},"end":{"line":391,"column":13}},"177":{"start":{"line":394,"column":4},"end":{"line":413,"column":5}},"178":{"start":{"line":395,"column":27},"end":{"line":404,"column":7}},"179":{"start":{"line":405,"column":6},"end":{"line":405,"column":29}},"180":{"start":{"line":406,"column":6},"end":{"line":406,"column":25}},"181":{"start":{"line":407,"column":6},"end":{"line":407,"column":29}},"182":{"start":{"line":409,"column":6},"end":{"line":409,"column":49}},"183":{"start":{"line":410,"column":6},"end":{"line":412,"column":9}},"184":{"start":{"line":416,"column":18},"end":{"line":447,"column":3}},"185":{"start":{"line":417,"column":21},"end":{"line":417,"column":46}},"186":{"start":{"line":418,"column":4},"end":{"line":421,"column":5}},"187":{"start":{"line":419,"column":6},"end":{"line":419,"column":56}},"188":{"start":{"line":420,"column":6},"end":{"line":420,"column":13}},"189":{"start":{"line":422,"column":4},"end":{"line":425,"column":5}},"190":{"start":{"line":423,"column":6},"end":{"line":423,"column":57}},"191":{"start":{"line":424,"column":6},"end":{"line":424,"column":13}},"192":{"start":{"line":426,"column":4},"end":{"line":446,"column":5}},"193":{"start":{"line":427,"column":27},"end":{"line":427,"column":37}},"194":{"start":{"line":428,"column":6},"end":{"line":436,"column":9}},"195":{"start":{"line":437,"column":6},"end":{"line":437,"column":29}},"196":{"start":{"line":438,"column":6},"end":{"line":438,"column":25}},"197":{"start":{"line":439,"column":6},"end":{"line":439,"column":30}},"198":{"start":{"line":440,"column":6},"end":{"line":440,"column":33}},"199":{"start":{"line":441,"column":6},"end":{"line":441,"column":18}},"200":{"start":{"line":443,"column":6},"end":{"line":445,"column":9}},"201":{"start":{"line":448,"column":21},"end":{"line":486,"column":3}},"202":{"start":{"line":449,"column":4},"end":{"line":452,"column":5}},"203":{"start":{"line":450,"column":6},"end":{"line":450,"column":59}},"204":{"start":{"line":451,"column":6},"end":{"line":451,"column":13}},"205":{"start":{"line":455,"column":23},"end":{"line":455,"column":64}},"206":{"start":{"line":456,"column":23},"end":{"line":456,"column":48}},"207":{"start":{"line":457,"column":27},"end":{"line":457,"column":48}},"208":{"start":{"line":460,"column":4},"end":{"line":466,"column":5}},"209":{"start":{"line":461,"column":6},"end":{"line":464,"column":8}},"210":{"start":{"line":465,"column":6},"end":{"line":465,"column":13}},"211":{"start":{"line":468,"column":4},"end":{"line":485,"column":5}},"212":{"start":{"line":469,"column":27},"end":{"line":469,"column":37}},"213":{"start":{"line":470,"column":6},"end":{"line":476,"column":9}},"214":{"start":{"line":477,"column":6},"end":{"line":477,"column":29}},"215":{"start":{"line":478,"column":6},"end":{"line":478,"column":28}},"216":{"start":{"line":479,"column":6},"end":{"line":479,"column":33}},"217":{"start":{"line":480,"column":6},"end":{"line":480,"column":18}},"218":{"start":{"line":482,"column":6},"end":{"line":484,"column":9}},"219":{"start":{"line":488,"column":24},"end":{"line":504,"column":3}},"220":{"start":{"line":494,"column":4},"end":{"line":503,"column":7}},"221":{"start":{"line":506,"column":23},"end":{"line":520,"column":3}},"222":{"start":{"line":507,"column":4},"end":{"line":510,"column":5}},"223":{"start":{"line":508,"column":6},"end":{"line":508,"column":31}},"224":{"start":{"line":509,"column":6},"end":{"line":509,"column":13}},"225":{"start":{"line":512,"column":24},"end":{"line":512,"column":48}},"226":{"start":{"line":513,"column":4},"end":{"line":513,"column":29}},"227":{"start":{"line":515,"column":4},"end":{"line":519,"column":5}},"228":{"start":{"line":516,"column":6},"end":{"line":516,"column":34}},"229":{"start":{"line":518,"column":6},"end":{"line":518,"column":31}},"230":{"start":{"line":522,"column":30},"end":{"line":570,"column":3}},"231":{"start":{"line":523,"column":4},"end":{"line":526,"column":5}},"232":{"start":{"line":524,"column":6},"end":{"line":524,"column":38}},"233":{"start":{"line":525,"column":6},"end":{"line":525,"column":13}},"234":{"start":{"line":528,"column":24},"end":{"line":528,"column":51}},"235":{"start":{"line":529,"column":4},"end":{"line":529,"column":36}},"236":{"start":{"line":531,"column":4},"end":{"line":569,"column":5}},"237":{"start":{"line":533,"column":25},"end":{"line":533,"column":75}},"238":{"start":{"line":534,"column":25},"end":{"line":534,"column":50}},"239":{"start":{"line":536,"column":6},"end":{"line":547,"column":7}},"240":{"start":{"line":537,"column":8},"end":{"line":540,"column":10}},"241":{"start":{"line":541,"column":8},"end":{"line":541,"column":37}},"242":{"start":{"line":542,"column":8},"end":{"line":542,"column":82}},"243":{"start":{"line":544,"column":8},"end":{"line":544,"column":36}},"244":{"start":{"line":545,"column":8},"end":{"line":545,"column":34}},"245":{"start":{"line":546,"column":8},"end":{"line":546,"column":39}},"246":{"start":{"line":550,"column":6},"end":{"line":568,"column":7}},"247":{"start":{"line":551,"column":27},"end":{"line":551,"column":77}},"248":{"start":{"line":552,"column":27},"end":{"line":552,"column":52}},"249":{"start":{"line":554,"column":8},"end":{"line":565,"column":9}},"250":{"start":{"line":555,"column":10},"end":{"line":558,"column":12}},"251":{"start":{"line":559,"column":10},"end":{"line":559,"column":39}},"252":{"start":{"line":560,"column":10},"end":{"line":560,"column":84}},"253":{"start":{"line":562,"column":10},"end":{"line":562,"column":38}},"254":{"start":{"line":563,"column":10},"end":{"line":563,"column":36}},"255":{"start":{"line":564,"column":10},"end":{"line":564,"column":38}},"256":{"start":{"line":567,"column":8},"end":{"line":567,"column":36}},"257":{"start":{"line":572,"column":25},"end":{"line":587,"column":3}},"258":{"start":{"line":573,"column":4},"end":{"line":573,"column":61}},"259":{"start":{"line":573,"column":54},"end":{"line":573,"column":61}},"260":{"start":{"line":575,"column":25},"end":{"line":575,"column":35}},"261":{"start":{"line":576,"column":4},"end":{"line":583,"column":7}},"262":{"start":{"line":579,"column":6},"end":{"line":581,"column":7}},"263":{"start":{"line":580,"column":8},"end":{"line":580,"column":42}},"264":{"start":{"line":582,"column":6},"end":{"line":582,"column":18}},"265":{"start":{"line":584,"column":4},"end":{"line":584,"column":27}},"266":{"start":{"line":585,"column":4},"end":{"line":585,"column":27}},"267":{"start":{"line":586,"column":4},"end":{"line":586,"column":16}},"268":{"start":{"line":589,"column":28},"end":{"line":609,"column":3}},"269":{"start":{"line":590,"column":4},"end":{"line":595,"column":13}},"270":{"start":{"line":595,"column":6},"end":{"line":595,"column":13}},"271":{"start":{"line":597,"column":25},"end":{"line":597,"column":35}},"272":{"start":{"line":598,"column":17},"end":{"line":598,"column":73}},"273":{"start":{"line":599,"column":4},"end":{"line":604,"column":7}},"274":{"start":{"line":600,"column":6},"end":{"line":602,"column":7}},"275":{"start":{"line":601,"column":8},"end":{"line":601,"column":45}},"276":{"start":{"line":603,"column":6},"end":{"line":603,"column":21}},"277":{"start":{"line":606,"column":4},"end":{"line":606,"column":27}},"278":{"start":{"line":607,"column":4},"end":{"line":607,"column":30}},"279":{"start":{"line":608,"column":4},"end":{"line":608,"column":16}},"280":{"start":{"line":611,"column":27},"end":{"line":625,"column":3}},"281":{"start":{"line":613,"column":22},"end":{"line":617,"column":25}},"282":{"start":{"line":615,"column":10},"end":{"line":615,"column":53}},"283":{"start":{"line":615,"column":34},"end":{"line":615,"column":52}},"284":{"start":{"line":619,"column":4},"end":{"line":621,"column":5}},"285":{"start":{"line":620,"column":6},"end":{"line":620,"column":38}},"286":{"start":{"line":623,"column":4},"end":
[...]
:12,"column":47},"end":{"line":28,"column":1}},"line":12},"1":{"name":"(anonymous_1)","decl":{"start":{"line":31,"column":28},"end":{"line":31,"column":29}},"loc":{"start":{"line":31,"column":40},"end":{"line":39,"column":1}},"line":31},"2":{"name":"(anonymous_2)","decl":{"start":{"line":42,"column":28},"end":{"line":42,"column":29}},"loc":{"start":{"line":42,"column":40},"end":{"line":71,"column":1}},"line":42},"3":{"name":"(anonymous_3)","decl":{"start":{"line":74,"column":24},"end":{"line":74,"column":25}},"loc":{"start":{"line":74,"column":36},"end":{"line":82,"column":1}},"line":74},"4":{"name":"(anonymous_4)","decl":{"start":{"line":85,"column":28},"end":{"line":85,"column":29}},"loc":{"start":{"line":85,"column":64},"end":{"line":272,"column":1}},"line":85},"5":{"name":"(anonymous_5)","decl":{"start":{"line":275,"column":30},"end":{"line":275,"column":31}},"loc":{"start":{"line":275,"column":66},"end":{"line":343,"column":1}},"line":275},"6":{"name":"(anonymous_6)","decl":{"start":{"line":346,"column":27},"end":{"line":346,"column":28}},"loc":{"start":{"line":346,"column":51},"end":{"line":411,"column":1}},"line":346},"7":{"name":"(anonymous_7)","decl":{"start":{"line":414,"column":35},"end":{"line":414,"column":36}},"loc":{"start":{"line":414,"column":41},"end":{"line":451,"column":1}},"line":414},"8":{"name":"(anonymous_8)","decl":{"start":{"line":418,"column":16},"end":{"line":418,"column":17}},"loc":{"start":{"line":418,"column":28},"end":{"line":447,"column":5}},"line":418},"9":{"name":"(anonymous_9)","decl":{"start":{"line":456,"column":29},"end":{"line":456,"column":30}},"loc":{"start":{"line":456,"column":41},"end":{"line":484,"column":1}},"line":456},"10":{"name":"(anonymous_10)","decl":{"start":{"line":487,"column":36},"end":{"line":487,"column":37}},"loc":{"start":{"line":487,"column":48},"end":{"line":502,"column":1}},"line":487}},"branchMap":{"0":{"loc":{"start":{"line":14,"column":4},"end":{"line":14,"column":29}},"type":"if","locations":[{"start":{"line":14,"column":4},"end":{"line":14,"column":29}},{"start":{},"end":{}}],"line":14},"1":{"loc":{"start":{"line":47,"column":4},"end":{"line":50,"column":5}},"type":"if","locations":[{"start":{"line":47,"column":4},"end":{"line":50,"column":5}},{"start":{},"end":{}}],"line":47},"2":{"loc":{"start":{"line":54,"column":4},"end":{"line":64,"column":5}},"type":"if","locations":[{"start":{"line":54,"column":4},"end":{"line":64,"column":5}},{"start":{},"end":{}}],"line":54},"3":{"loc":{"start":{"line":59,"column":6},"end":{"line":63,"column":7}},"type":"if","locations":[{"start":{"line":59,"column":6},"end":{"line":63,"column":7}},{"start":{},"end":{}}],"line":59},"4":{"loc":{"start":{"line":85,"column":35},"end":{"line":85,"column":59}},"type":"default-arg","locations":[{"start":{"line":85,"column":54},"end":{"line":85,"column":59}}],"line":85},"5":{"loc":{"start":{"line":88,"column":4},"end":{"line":91,"column":5}},"type":"if","locations":[{"start":{"line":88,"column":4},"end":{"line":91,"column":5}},{"start":{},"end":{}}],"line":88},"6":{"loc":{"start":{"line":88,"column":8},"end":{"line":88,"column":47}},"type":"binary-expr","locations":[{"start":{"line":88,"column":8},"end":{"line":88,"column":24}},{"start":{"line":88,"column":28},"end":{"line":88,"column":47}}],"line":88},"7":{"loc":{"start":{"line":95,"column":4},"end":{"line":97,"column":5}},"type":"if","locations":[{"start":{"line":95,"column":4},"end":{"line":97,"column":5}},{"start":{},"end":{}}],"line":95},"8":{"loc":{"start":{"line":136,"column":8},"end":{"line":163,"column":9}},"type":"if","locations":[{"start":{"line":136,"column":8},"end":{"line":163,"column":9}},{"start":{"line":147,"column":15},"end":{"line":163,"column":9}}],"line":136},"9":{"loc":{"start":{"line":140,"column":10},"end":{"line":146,"column":11}},"type":"if","locations":[{"start":{"line":140,"column":10},"end":{"line":146,"column":11}},{"start":{"line":142,"column":17},"end":{"line":146,"column":11}}],"line":140},"10":{"loc":{"start":{"line":142,"column":17},"end":{"line":146,"column":11}},"type":"if","locations":[{"start":{"line":142,"column":17},"end":{"line":146,"column":11}},{"start":{"line":144,"column":17},"end":{"line":146,"column":11}}],"line":142},"11":{"loc":{"start":{"line":144,"column":17},"end":{"line":146,"column":11}},"type":"if","locations":[{"start":{"line":144,"column":17},"end":{"line":146,"column":11}},{"start":{},"end":{}}],"line":144},"12":{"loc":{"start":{"line":153,"column":10},"end":{"line":162,"column":11}},"type":"if","locations":[{"start":{"line":153,"column":10},"end":{"line":162,"column":11}},{"start":{},"end":{}}],"line":153},"13":{"loc":{"start":{"line":153,"column":14},"end":{"line":153,"column":64}},"type":"binary-expr","locations":[{"start":{"line":153,"column":14},"end":{"line":153,"column":37}},{"start":{"line":153,"column":41},"end":{"line":153,"column":64}}],"line":153},"14":{"loc":{"start":{"line":155,"column":12},"end":{"line":161,"column":13}},"type":"if","locations":[{"start":{"line":155,"column":12},"end":{"line":161,"column":13}},{"start":{"line":157,"column":19},"end":{"line":161,"column":13}}],"line":155},"15":{"loc":{"start":{"line":157,"column":19},"end":{"line":161,"column":13}},"type":"if","locations":[{"start":{"line":157,"column":19},"end":{"line":161,"column":13}},{"start":{"line":159,"column":19},"end":{"line":161,"column":13}}],"line":157},"16":{"loc":{"start":{"line":159,"column":19},"end":{"line":161,"column":13}},"type":"if","locations":[{"start":{"line":159,"column":19},"end":{"line":161,"column":13}},{"start":{},"end":{}}],"line":159},"17":{"loc":{"start":{"line":177,"column":18},"end":{"line":177,"column":49}},"type":"cond-expr","locations":[{"start":{"line":177,"column":35},"end":{"line":177,"column":40}},{"start":{"line":177,"column":43},"end":{"line":177,"column":49}}],"line":177},"18":{"loc":{"start":{"line":183,"column":16},"end":{"line":183,"column":41}},"type":"binary-expr","locations":[{"start":{"line":183,"column":16},"end":{"line":183,"column":30}},{"start":{"line":183,"column":34},"end":{"line":183,"column":41}}],"line":183},"19":{"loc":{"start":{"line":190,"column":8},"end":{"line":198,"column":9}},"type":"if","locations":[{"start":{"line":190,"column":8},"end":{"line":198,"column":9}},{"start":{"line":196,"column":15},"end":{"line":198,"column":9}}],"line":190},"20":{"loc":{"start":{"line":210,"column":16},"end":{"line":210,"column":47}},"type":"cond-expr","locations":[{"start":{"line":210,"column":33},"end":{"line":210,"column":38}},{"start":{"line":210,"column":41},"end":{"line":210,"column":47}}],"line":210},"21":{"loc":{"start":{"line":216,"column":14},"end":{"line":216,"column":39}},"type":"binary-expr","locations":[{"start":{"line":216,"column":14},"end":{"line":216,"column":28}},{"start":{"line":216,"column":32},"end":{"line":216,"column":39}}],"line":216},"22":{"loc":{"start":{"line":225,"column":6},"end":{"line":233,"column":7}},"type":"if","locations":[{"start":{"line":225,"column":6},"end":{"line":233,"column":7}},{"start":{"line":231,"column":13},"end":{"line":233,"column":7}}],"line":225},"23":{"loc":{"start":{"line":241,"column":16},"end":{"line":241,"column":50}},"type":"cond-expr","locations":[{"start":{"line":241,"column":36},"end":{"line":241,"column":41}},{"start":{"line":241,"column":44},"end":{"line":241,"column":50}}],"line":241},"24":{"loc":{"start":{"line":247,"column":14},"end":{"line":247,"column":45}},"type":"binary-expr","locations":[{"start":{"line":247,"column":14},"end":{"line":247,"column":31}},{"start":{"line":247,"column":35},"end":{"line":247,"column":45}}],"line":247},"25":{"loc":{"start":{"line":256,"column":6},"end":{"line":264,"column":7}},"type":"if","locations":[{"start":{"line":256,"column":6},"end":{"line":264,"column":7}},{"start":{"line":262,"column":13},"end":{"line":264,"column":7}}],"line":256},"26":{"loc":{"start":{"line":275,"column":37},"end":{"line":275,"column":61}},"type":"default-arg","locations":[{"start":{"line":275,"column":56},"end":{"line":275,"column":61}}],"line":275},"27":{"loc":{"start":{"line":278,"column":4},"end":{"line":281,"column":5}},"type":"if","locations":[{"start":{"line":278,"column":4},"end":{"line":281,"column":5}},{"start":{},"end":{}}],"line":278},"28":{"loc":{"start":{"line":278,"column":8},"end":{"line":278,"column":47}},"type":"binary-expr","locations":[{"start":{"line":278,"column":8},"end":{"line":278,"column":24}},{"start":{"line":278,"column":28},"end":{"line":278,"column":47}}],"line":278},"29":{"loc":{"start":{"line":285,"column":4},"end":{"line":287,"column":5}},"type":"if","locations":[{"start":{"line":285,"column":4},"end":{"line":287,"column":5}},{"start":{},"end":{}}],"line":285},"30":{"loc":{"start":{"line":292,"column":21},"end":{"line":292,"column":70}},"type":"binary-expr","locations":[{"start":{"line":292,"column":21},"end":{"line":292,"column":63}},{"start":{"line":292,"column":67},"end":{"line":292,"column":70}}],"line":292},"31":{"loc":{"start":{"line":303,"column":4},"end":{"line":305,"column":5}},"type":"if","locations":[{"start":{"line":303,"column":4},"end":{"line":305,"column":5}},{"start":{},"end":{}}],"line":303},"32":{"loc":{"start":{"line":314,"column":9},"end":{"line":314,"column":33}},"type":"binary-expr","locations":[{"start":{"line":314,"column":9},"end":{"line":314,"column":22}},{"start":{"line":314,"column":26},"end":{"line":314,"column":33}}],"line":314},"33":{"loc":{"start":{"line":314,"column":92},"end":{"line":314,"column":115}},"type":"cond-expr","locations":[{"start":{"line":314,"column":110},"end":{"line":314,"column":111}},{"start":{"line":314,"column":114},"end":{"line":314,"column":115}}],"line":314},"34":{"loc":{"start":{"line":323,"column":9},"end":{"line":323,"column":33}},"type":"binary-expr","locations":[{"start":{"line":323,"column":9},"end":{"line":323,"column":22}},{"start":{"line":323,"column":26},"end":{"line":323,"column":33}}],"line":323},"35":{"loc":{"start":{"line":323,"column":85},"end":{"line":323,"column":106}},"type":"binary-expr","locations":[{"start":{"line":323,"column":85},"end":{"line":323,"column":101}},{"start":{"line":323,"column":105},"end":{"line":323,"column":106}}],"line":323},"36":{"loc":{"start":{"line":323,"column":142},"end":{"line":323,"column":165}},"type":"cond-expr","locations":[{"start":{"line":323,"column":160},"end":{"line":323,"column":161}},{"start":{"line":323,"column":164},"end":{"line":323,"column":165}}],"line":323},"37":{"loc":{"start":{"line":332,"column":9},"end":{"line":332,"column":39}},"type":"binary-expr","locations":[{"start":{"line":332,"column":9},"end":{"line":332,"column":25}},{"start":{"line":332,"column":29},"end":{"line":332,"column":39}}],"line":332},"38":{"loc":{"start":{"line":332,"column":140},"end":{"line":332,"column":166}},"type":"cond-expr","locations":[{"start":{"line":332,"column":161},"end":{"line":332,"column":162}},{"start":{"line":332,"column":165},"end":{"line":332,"column":166}}],"line":332},"39":{"loc":{"start":{"line":346,"column":34},"end":{"line":346,"column":46}},"type":"default-arg","locations":[{"start":{"line":346,"column":44},"end":{"line":346,"column":46}}],"line":346},"40":{"loc":{"start":{"line":347,"column":10},"end":{"line":347,"column":30}},"type":"default-arg","locations":[{"start":{"line":347,"column":26},"end":{"line":347,"column":30}}],"line":347},"41":{"loc":{"start":{"line":347,"column":32},"end":{"line":347,"column":46}},"type":"default-arg","locations":[{"start":{"line":347,"column":41},"end":{"line":347,"column":46}}],"line":347},"42":{"loc":{"start":{"line":347,"column":48},"end":{"line":347,"column":66}},"type":"default-arg","locations":[{"start":{"line":347,"column":61},"end":{"line":347,"column":66}}],"line":347},"43":{"loc":{"start":{"line":355,"column":33},"end":{"line":355,"column":67}},"type":"cond-expr","locations":[{"start":{"line":355,"column":46},"end":{"line":355,"column":62}},{"start":{"line":355,"column":65},"end":{"line":355,"column":67}}],"line":355},"44":{"loc":{"start":{"line":358,"column":4},"end":{"line":361,"column":5}},"type":"if","locations":[{"start":{"line":358,"column":4},"end":{"line":361,"column":5}},{"start":{},"end":{}}],"line":358},"45":{"loc":{"start":{"line":358,"column":8},"end":{"line":358,"column":37}},"type":"binary-expr","locations":[{"start":{"line":358,"column":8},"end":{"line":358,"column":20}},{"start":{"line":358,"column":24},"end":{"line":358,"column":37}}],"line":358},"46":{"loc":{"start":{"line":364,"column":4},"end":{"line":366,"column":5}},"type":"if","locations":[{"start":{"line":364,"column":4},"end":{"line":366,"column":5}},{"start":{},"end":{}}],"line":364},"47":{"loc":{"start":{"line":364,"column":8},"end":{"line":364,"column":49}},"type":"binary-expr","locations":[{"start":{"line":364,"column":8},"end":{"line":364,"column":20}},{"start":{"line":364,"column":24},"end":{"line":364,"column":38}},{"start":{"line":364,"column":42},"end":{"line":364,"column":49}}],"line":364},"48":{"loc":{"start":{"line":370,"column":4},"end":{"line":373,"column":5}},"type":"if","locations":[{"start":{"line":370,"column":4},"end":{"line":373,"column":5}},{"start":{},"end":{}}],"line":370},"49":{"loc":{"start":{"line":370,"column":8},"end":{"line":370,"column":34}},"type":"binary-expr","locations":[{"start":{"line":370,"column":8},"end":{"line":370,"column":19}},{"start":{"line":370,"column":23},"end":{"line":370,"column":34}}],"line":370},"50":{"loc":{"start":{"line":380,"column":4},"end":{"line":383,"column":5}},"type":"if","locations":[{"start":{"line":380,"column":4},"end":{"line":383,"column":5}},{"start":{},"end":{}}],"line":380},"51":{"loc":{"start":{"line":380,"column":8},"end":{"line":380,"column":76}},"type":"binary-expr","locations":[{"start":{"line":380,"column":8},"end":{"line":380,"column":31}},{"start":{"line":380,"column":35},"end":{"line":380,"column":76}}],"line":380},"52":{"loc":{"start":{"line":389,"column":4},"end":{"line":393,"column":5}},"type":"if","locations":[{"start":{"line":389,"column":4},"end":{"line":393,"column":5}},{"start":{},"end":{}}],"line":389},"53":{"loc":{"start":{"line":389,"column":8},"end":{"line":389,"column":77}},"type":"binary-expr","locations":[{"start":{"line":389,"column":8},"end":{"line":389,"column":19}},{"start":{"line":389,"column":24},"end":{"line":389,"column":47}},{"start":{"line":389,"column":51},"end":{"line":389,"column":76}}],"line":389},"54":{"loc":{"start":{"line":390,"column":27},"end":{"line":390,"column":94}},"type":"binary-expr","locations":[{"start":{"line":390,"column":27},"end":{"line":390,"column":49}},{"start":{"line":390,"column":53},"end":{"line":390,"column":77}},{"start":{"line":390,"column":81},"end":{"line":390,"column":94}}],"line":390},"55":{"loc":{"start":{"line":396,"column":4},"end":{"line":398,"column":5}},"type":"if","locations":[{"start":{"line":396,"column":4},"end":{"line":398,"column":5}},{"start":{},"end":{}}],"line":396},"56":{"loc":{"start":{"line":406,"column":15},"end":{"line":406,"column":70}},"type":"binary-expr","locations":[{"start":{"line":406,"column":15},"end":{"line":406,"column":28}},{"start":{"line":406,"column":32},"end":{"line":406,"column":70}}],"line":406},"57":{"loc":{"start":{"line":407,"column":21},"end":{"line":407,"column":60}},"type":"binary-expr","locations":[{"start":{"line":407,"column":21},"end":{"line":407,"column":51}},{"start":{"line":407,"column":55},"end":{"line":407,"column":60}}],"line":407},"58":{"loc":{"start":{"line":421,"column":8},"end":{"line":424,"column":9}},"type":"if","locations":[{"start":{"line":421,"column":8},"end":{"line":424,"column":9}},{"start":{},"end":{}}],"line":421},"59":{"loc":{"start":{"line":427,"column":8},"end":{"line":442,"column":9}},"type":"if","locations":[{"start":{"line":427,"column":8},"end":{"line":442,"column":9}},{"start":{},"end":{}}],"line":427},"60":{"loc":{"start":{"line":427,"column":12},"end":{"line":427,"column":52}},"type":"binary-expr","locations":[{"start":{"line":427,"column":12},"end":{"line":427,"column":28}},{"start":{"line":427,"column":32},"end":{"line":427,"column":52}}],"line":427},"61":{"loc":{"start":{"line":430,"column":52},"end":{"line":430,"column":94}},"type":"cond-expr","locations":[{"start":{"line":430,"column":69},"end":{"line":430,"column":89}},{"start":{"line":430,"column":92},"end":{"line":430,"column":94}}],"line":430},"62":{"loc":{"start":{"line":463,"column":4},"end":{"line":470,"column":5}},"type":"if","locations":[{"start":{"line":463,"column":4},"end":{"line":470,"column":5}},{"start":{},"end":{}}],"line":463},"63":{"loc":{"start":{"line":463,"column":8},"end":{"line":463,"column":30}},"type":"binary-expr","locations":[{"start":{"line":463,"column":8},"end":{"line":463,"column":19}},{"start":{"line":463,"column":23},"end":{"line":463,"column":30}}],"line":463},"64":{"loc":{"start":{"line":490,"column":4},"end":{"line":496,"column":5}},"type":"if","locations":[{"start":{"line":490,"column":4},"end":{"line":496,"column":5}},{"start":{},"end":{}}],"line":490}},"s":{"0":1,"1":1,"2":1,"3":1,"4":0,"5":0,"6":0,"7":0,"8":0,"9":0,"10":0,"11":0,"12":0,"13":1,"14":14,"15":14,"16":14,"17":0,"18":0,"19":1,"20":8,"21":8,"22":8,"23":0,"24":0,"25":8,"26":8,"27":0,"28":0,"29":0,"30":0,"31":0,"32":0,"33":8,"34":0,"35":0,"36":1,"37":11,"38":11,"39":11,"40":0,"41":0,"42":1,"43":3,"44":3,"45":0,"46":0,"47":3,"48":3,"49":0,"50":3,"51":3,"52":3,"53":3,"54":3,"55":3,"56":3,"57":3,"58":3,"59":3,"60":3,"61":3,"62":9,"63":9,"64":9,"65":8,"66":8,"67":8,"68":0,"69":8,"70":0,"71":8,"72":0,"73":0,"74":0,"75":0,"76":0,"77":0,"78":0,"79":0,"80":0,"81":0,"82":0,"83":1,"84":3,"85":3,"86":3,"87":3,"88":3,"89":3,"90":3,"91":0,"92":0,"93":3,"94":3,"95":3,"96":3,"97":3,"98":3,"99":0,"100":3,"101":3,"102":3,"103":3,"104":3,"105":3,"106":0,"107":3,"108":0,"109":0,"110":1,"111":3,"112":3,"113":0,"114":0,"115":3,"116":3,"117":0,"118":3,"119":3,"120":3,"121":3,"122":3,"123":3,"124":3,"125":3,"126":3,"127":3,"128":3,"129":0,"130":3,"131":3,"132":3,"133":1,"134":3,"135":1,"136":1,"137":3,"138":0,"139":0,"140":3,"141":3,"142":3,"143":0,"144":0,"145":1,"146":3,"147":3,"148":3,"149":3,"150":3,"151":3,"152":0,"153":0,"154":3,"155":1,"156":2,"157":2,"158":0,"159":0,"160":2,"161":2,"162":2,"163":0,"164":0,"165":2,"166":2,"167":2,"168":0,"169":0,"170":0,"171":2,"172":2,"173":2,"174":2,"175":0,"176":0,"177":1,"178":0,"179":0,"180":0,"181":0,"182":0,"183":0,"184":0,"185":0,"186":0,"187":0,"188":0,"189":0,"190":0,"191":0,"192":0,"193":0,"194":1,"195":0,"196":0,"197":0,"198":0,"199":0,"200":0,"201":0,"202":0,"203":0,"204":0,"205":0,"206":0,"207":0,"208":1,"209":0,"210":0,"211":0,"212":0,"213":0,"214":0,"215":0,"216":0,"217":0,"218":0},"f":{"0":0,"1":14,"2":8,"3":11,"4":3,"5":3,"6":3,"7":0,"8":0,"9":0,"10":0},"b":{"0":[0,0],"1":[0,8],"2":[0,8],"3":[0,0],"4":[1],"5":[0,3],"6":[3,3],"7":[0,3],"8":[8,0],"9":[0,8],"10":[0,8],"11":[0,8],"12":[0,0],"13":[0,0],"14":[0,0],"15":[0,0],"16":[0,0],"17":[0,3],"18":[3,3],"19":[3,0],"20":[0,3],"21":[3,3],"22":[3,0],"23":[0,3],"24":[3,3],"25":[3,0],"26":[1],"27":[0,3],"28":[3,3],"29":[0,3],"30":[3,0],"31":[0,3],"32":[1,1],"33":[0,1],"34":[1,1],"35":[1,1],"36":[0,1],"37":[0,0],"38":[0,0],"39":[2],"40":[2],"41":[3],"42":[3],"43":[0,3],"44":[0,3],"45":[3,1],"46":[1,2],"47":[3,1,1],"48":[0,2],"49":[2,2],"50":[0,2],"51":[2,0],"52":[0,2],"53":[2,2,2],"54":[0,0,0],"55":[2,0],"56":[0,0],"57":[0,0],"58":[0,0],"59":[0,0],"60":[0,0],"61":[0,0],"62":[0,0],"63":[0,0],"64":[0,0]},"_coverageSchema":"1a1c01bbd47fc00a2c39e90264f33305004495a9","hash":"71456e0362d0bb7c46478b6117cea88392824451"}
,"E:\\Johny\\OneDrive\\2. LONDON\\Last semester\\Final Project 2\\Mobile App\\Mobile Application-Midterm Submitted\\Remindly app 8.1\\styles\\colors.js": {"path":"E:\\Johny\\OneDrive\\2. LONDON\\Last semester\\Final Project 2\\Mobile App\\Mobile Application-Midterm Submitted\\Remindly app 8.1\\styles\\colors.js","statementMap":{"0":{"start":{"line":2,"column":22},"end":{"line":15,"column":3}}},"fnMap":{},"branchMap":{},"s":{"0":0},"f":{},"b":{}}
}
