TN:
SF:jest.config.js
FNF:0
FNH:0
DA:1,0
LF:1
LH:0
BRF:0
BRH:0
end_of_record
TN:
SF:app\PomodoroTimer.js
FN:17,PomodoroTimer
FN:36,(anonymous_1)
FN:50,(anonymous_2)
FN:60,(anonymous_3)
FN:73,(anonymous_4)
FN:108,(anonymous_5)
FN:116,(anonymous_6)
FN:162,(anonymous_7)
FN:165,(anonymous_8)
FN:169,(anonymous_9)
FN:171,(anonymous_10)
FN:181,(anonymous_11)
FN:184,(anonymous_12)
FN:205,(anonymous_13)
FN:209,(anonymous_14)
FN:214,(anonymous_15)
FN:217,(anonymous_16)
FN:224,(anonymous_17)
FN:225,(anonymous_18)
FN:226,(anonymous_19)
FN:229,(anonymous_20)
FN:237,(anonymous_21)
FNF:22
FNH:0
FNDA:0,PomodoroTimer
FNDA:0,(anonymous_1)
FNDA:0,(anonymous_2)
FNDA:0,(anonymous_3)
FNDA:0,(anonymous_4)
FNDA:0,(anonymous_5)
FNDA:0,(anonymous_6)
FNDA:0,(anonymous_7)
FNDA:0,(anonymous_8)
FNDA:0,(anonymous_9)
FNDA:0,(anonymous_10)
FNDA:0,(anonymous_11)
FNDA:0,(anonymous_12)
FNDA:0,(anonymous_13)
FNDA:0,(anonymous_14)
FNDA:0,(anonymous_15)
FNDA:0,(anonymous_16)
FNDA:0,(anonymous_17)
FNDA:0,(anonymous_18)
FNDA:0,(anonymous_19)
FNDA:0,(anonymous_20)
FNDA:0,(anonymous_21)
DA:18,0
DA:19,0
DA:20,0
DA:21,0
DA:22,0
DA:23,0
DA:24,0
DA:25,0
DA:27,0
DA:28,0
DA:29,0
DA:30,0
DA:32,0
DA:33,0
DA:34,0
DA:36,0
DA:37,0
DA:38,0
DA:40,0
DA:47,0
DA:51,0
DA:52,0
DA:53,0
DA:54,0
DA:58,0
DA:60,0
DA:61,0
DA:62,0
DA:66,0
DA:68,0
DA:69,0
DA:73,0
DA:74,0
DA:75,0
DA:77,0
DA:78,0
DA:79,0
DA:80,0
DA:83,0
DA:84,0
DA:85,0
DA:89,0
DA:90,0
DA:92,0
DA:93,0
DA:94,0
DA:96,0
DA:97,0
DA:100,0
DA:102,0
DA:103,0
DA:104,0
DA:108,0
DA:109,0
DA:117,0
DA:118,0
DA:120,0
DA:123,0
DA:124,0
DA:125,0
DA:128,0
DA:133,0
DA:135,0
DA:145,0
DA:162,0
DA:163,0
DA:165,0
DA:166,0
DA:167,0
DA:168,0
DA:169,0
DA:170,0
DA:172,0
DA:175,0
DA:181,0
DA:182,0
DA:183,0
DA:184,0
DA:185,0
DA:186,0
DA:187,0
DA:188,0
DA:189,0
DA:203,0
DA:205,0
DA:206,0
DA:209,0
DA:214,0
DA:217,0
DA:218,0
DA:219,0
DA:220,0
DA:221,0
DA:224,0
DA:225,0
DA:226,0
DA:229,0
DA:230,0
DA:238,0
DA:239,0
DA:242,0
DA:247,0
DA:249,0
DA:260,0
DA:261,0
DA:262,0
DA:264,0
DA:355,0
LF:108
LH:0
BRDA:51,0,0,0
BRDA:51,0,1,0
BRDA:61,1,0,0
BRDA:61,1,1,0
BRDA:75,2,0,0
BRDA:75,2,1,0
BRDA:77,3,0,0
BRDA:77,3,1,0
BRDA:83,4,0,0
BRDA:83,4,1,0
BRDA:92,5,0,0
BRDA:92,5,1,0
BRDA:117,6,0,0
BRDA:117,6,1,0
BRDA:117,7,0,0
BRDA:117,7,1,0
BRDA:123,8,0,0
BRDA:123,8,1,0
BRDA:124,9,0,0
BRDA:124,9,1,0
BRDA:125,10,0,0
BRDA:125,10,1,0
BRDA:128,11,0,0
BRDA:128,11,1,0
BRDA:133,12,0,0
BRDA:133,12,1,0
BRDA:137,13,0,0
BRDA:137,13,1,0
BRDA:149,14,0,0
BRDA:149,14,1,0
BRDA:166,15,0,0
BRDA:166,15,1,0
BRDA:183,16,0,0
BRDA:183,16,1,0
BRDA:183,17,0,0
BRDA:183,17,1,0
BRDA:183,17,2,0
BRDA:185,18,0,0
BRDA:185,18,1,0
BRDA:186,19,0,0
BRDA:186,19,1,0
BRDA:238,20,0,0
BRDA:238,20,1,0
BRDA:238,21,0,0
BRDA:238,21,1,0
BRDA:242,22,0,0
BRDA:242,22,1,0
BRDA:247,23,0,0
BRDA:247,23,1,0
BRDA:274,24,0,0
BRDA:274,24,1,0
BRDA:276,25,0,0
BRDA:276,25,1,0
BRDA:324,26,0,0
BRDA:324,26,1,0
BRDA:326,27,0,0
BRDA:326,27,1,0
BRDA:341,28,0,0
BRDA:341,28,1,0
BRDA:342,29,0,0
BRDA:342,29,1,0
BRDA:346,30,0,0
BRDA:346,30,1,0
BRDA:348,31,0,0
BRDA:348,31,1,0
BRF:65
BRH:0
end_of_record
TN:
SF:app\index.js
FN:22,SplashScreen
FN:29,(anonymous_1)
FN:31,(anonymous_2)
FN:64,(anonymous_3)
FN:134,Index
FNF:5
FNH:0
FNDA:0,SplashScreen
FNDA:0,(anonymous_1)
FNDA:0,(anonymous_2)
FNDA:0,(anonymous_3)
FNDA:0,Index
DA:23,0
DA:24,0
DA:27,0
DA:29,0
DA:31,0
DA:32,0
DA:33,0
DA:34,0
DA:35,0
DA:37,0
DA:41,0
DA:44,0
DA:64,0
DA:65,0
DA:66,0
DA:69,0
DA:73,0
DA:98,0
DA:136,0
LF:19
LH:0
BRDA:65,0,0,0
BRDA:65,0,1,0
BRF:2
BRH:0
end_of_record
TN:
SF:app\signin.js
FN:28,SignIn
FN:38,(anonymous_1)
FN:39,(anonymous_2)
FN:60,(anonymous_3)
FN:213,(anonymous_4)
FN:228,(anonymous_5)
FNF:6
FNH:0
FNDA:0,SignIn
FNDA:0,(anonymous_1)
FNDA:0,(anonymous_2)
FNDA:0,(anonymous_3)
FNDA:0,(anonymous_4)
FNDA:0,(anonymous_5)
DA:29,0
DA:30,0
DA:31,0
DA:32,0
DA:33,0
DA:34,0
DA:36,0
DA:38,0
DA:39,0
DA:40,0
DA:41,0
DA:42,0
DA:43,0
DA:44,0
DA:45,0
DA:46,0
DA:47,0
DA:49,0
DA:52,0
DA:53,0
DA:57,0
DA:60,0
DA:61,0
DA:62,0
DA:63,0
DA:66,0
DA:68,0
DA:70,0
DA:71,0
DA:72,0
DA:73,0
DA:74,0
DA:77,0
DA:86,0
DA:87,0
DA:88,0
DA:90,0
DA:91,0
DA:92,0
DA:93,0
DA:95,0
DA:97,0
DA:100,0
DA:101,0
DA:103,0
DA:104,0
DA:105,0
DA:106,0
DA:107,0
DA:108,0
DA:111,0
DA:113,0
DA:118,0
DA:119,0
DA:120,0
DA:124,0
DA:125,0
DA:131,0
DA:133,0
DA:134,0
DA:136,0
DA:137,0
DA:138,0
DA:143,0
DA:147,0
DA:148,0
DA:149,0
DA:151,0
DA:152,0
DA:153,0
DA:156,0
DA:157,0
DA:160,0
DA:161,0
DA:162,0
DA:166,0
DA:167,0
DA:170,0
DA:213,0
DA:228,0
DA:240,0
LF:81
LH:0
BRDA:45,0,0,0
BRDA:45,0,1,0
BRDA:45,1,0,0
BRDA:45,1,1,0
BRDA:61,2,0,0
BRDA:61,2,1,0
BRDA:61,3,0,0
BRDA:61,3,1,0
BRDA:71,4,0,0
BRDA:71,4,1,0
BRDA:90,5,0,0
BRDA:90,5,1,0
BRDA:92,6,0,0
BRDA:92,6,1,0
BRDA:103,7,0,0
BRDA:103,7,1,0
BRDA:118,8,0,0
BRDA:118,8,1,0
BRDA:124,9,0,0
BRDA:124,9,1,0
BRDA:137,10,0,0
BRDA:137,10,1,0
BRDA:166,11,0,0
BRDA:166,11,1,0
BRDA:176,12,0,0
BRDA:176,12,1,0
BRDA:212,13,0,0
BRDA:212,13,1,0
BRF:28
BRH:0
end_of_record
TN:
SF:app\signup.js
FN:24,SignUp
FN:36,(anonymous_1)
FN:38,(anonymous_2)
FN:55,(anonymous_3)
FN:131,(anonymous_4)
FN:185,(anonymous_5)
FN:204,(anonymous_6)
FNF:7
FNH:0
FNDA:0,SignUp
FNDA:0,(anonymous_1)
FNDA:0,(anonymous_2)
FNDA:0,(anonymous_3)
FNDA:0,(anonymous_4)
FNDA:0,(anonymous_5)
FNDA:0,(anonymous_6)
DA:25,0
DA:26,0
DA:27,0
DA:28,0
DA:29,0
DA:30,0
DA:31,0
DA:33,0
DA:34,0
DA:36,0
DA:38,0
DA:39,0
DA:47,0
DA:48,0
DA:49,0
DA:52,0
DA:55,0
DA:56,0
DA:57,0
DA:58,0
DA:61,0
DA:62,0
DA:63,0
DA:64,0
DA:67,0
DA:68,0
DA:69,0
DA:72,0
DA:73,0
DA:74,0
DA:77,0
DA:78,0
DA:80,0
DA:81,0
DA:82,0
DA:87,0
DA:88,0
DA:89,0
DA:90,0
DA:93,0
DA:102,0
DA:104,0
DA:105,0
DA:106,0
DA:107,0
DA:109,0
DA:114,0
DA:115,0
DA:117,0
DA:118,0
DA:121,0
DA:124,0
DA:125,0
DA:127,0
DA:131,0
DA:132,0
DA:135,0
DA:185,0
DA:204,0
DA:243,0
LF:60
LH:0
BRDA:48,0,0,0
BRDA:48,0,1,0
BRDA:56,1,0,0
BRDA:56,1,1,0
BRDA:62,2,0,0
BRDA:62,2,1,0
BRDA:67,3,0,0
BRDA:67,3,1,0
BRDA:72,4,0,0
BRDA:72,4,1,0
BRDA:87,5,0,0
BRDA:87,5,1,0
BRDA:104,6,0,0
BRDA:104,6,1,0
BRDA:121,7,0,0
BRDA:121,7,1,0
BRDA:168,8,0,0
BRDA:168,8,1,0
BRDA:184,9,0,0
BRDA:184,9,1,0
BRDA:203,10,0,0
BRDA:203,10,1,0
BRDA:211,11,0,0
BRDA:211,11,1,0
BRF:24
BRH:0
end_of_record
TN:
SF:app\taskStorage.js
FN:5,(anonymous_0)
FN:16,(anonymous_1)
FN:22,(anonymous_2)
FN:37,(anonymous_3)
FN:66,(anonymous_4)
FN:100,(anonymous_5)
FN:124,(anonymous_6)
FN:163,(anonymous_7)
FN:252,(anonymous_8)
FNF:9
FNH:9
FNDA:1,(anonymous_0)
FNDA:1,(anonymous_1)
FNDA:1,(anonymous_2)
FNDA:1,(anonymous_3)
FNDA:1,(anonymous_4)
FNDA:1,(anonymous_5)
FNDA:1,(anonymous_6)
FNDA:1,(anonymous_7)
FNDA:1,(anonymous_8)
DA:4,1
DA:6,1
DA:7,1
DA:10,1
DA:16,1
DA:17,1
DA:22,1
DA:23,1
DA:28,1
DA:37,1
DA:49,1
DA:59,1
DA:61,0
DA:62,0
DA:67,1
DA:68,1
DA:69,0
DA:72,1
DA:73,1
DA:76,1
DA:77,1
DA:79,1
DA:80,1
DA:83,0
DA:84,0
DA:86,0
DA:89,1
DA:94,1
DA:100,1
DA:103,1
DA:104,1
DA:105,0
DA:106,0
DA:114,1
DA:115,1
DA:118,1
DA:124,1
DA:127,1
DA:128,1
DA:129,0
DA:130,0
DA:138,1
DA:153,1
DA:154,1
DA:157,1
DA:163,1
DA:166,1
DA:167,1
DA:168,1
DA:169,1
DA:177,1
DA:195,1
DA:196,1
DA:199,1
DA:219,1
DA:220,1
DA:224,1
DA:225,1
DA:226,1
DA:232,0
DA:237,0
DA:238,0
DA:239,0
DA:241,0
DA:244,0
DA:247,0
DA:248,0
DA:253,1
DA:254,1
DA:255,1
DA:258,1
DA:259,1
DA:260,1
DA:261,1
DA:263,0
DA:264,0
DA:266,0
DA:269,1
DA:270,1
DA:275,1
DA:281,1
DA:290,1
DA:291,1
DA:295,1
DA:297,0
DA:298,0
DA:299,0
DA:301,0
DA:304,0
DA:307,0
DA:308,0
LF:91
LH:63
BRDA:68,0,0,0
BRDA:68,0,1,1
BRDA:83,1,0,0
BRDA:83,1,1,0
BRDA:104,2,0,0
BRDA:104,2,1,1
BRDA:115,3,0,1
BRDA:115,3,1,0
BRDA:128,4,0,0
BRDA:128,4,1,1
BRDA:146,5,0,1
BRDA:146,5,1,1
BRDA:148,6,0,1
BRDA:148,6,1,1
BRDA:154,7,0,1
BRDA:154,7,1,0
BRDA:167,8,0,1
BRDA:167,8,1,0
BRDA:186,9,0,0
BRDA:186,9,1,1
BRDA:187,10,0,0
BRDA:187,10,1,1
BRDA:188,11,0,1
BRDA:188,11,1,1
BRDA:190,12,0,1
BRDA:190,12,1,1
BRDA:196,13,0,1
BRDA:196,13,1,0
BRDA:208,14,0,0
BRDA:208,14,1,1
BRDA:209,15,0,1
BRDA:209,15,1,1
BRDA:211,16,0,1
BRDA:211,16,1,1
BRDA:219,17,0,1
BRDA:219,17,1,0
BRDA:237,18,0,0
BRDA:237,18,1,0
BRDA:263,19,0,0
BRDA:263,19,1,0
BRDA:290,20,0,1
BRDA:290,20,1,0
BRDA:297,21,0,0
BRDA:297,21,1,0
BRF:44
BRH:24
end_of_record
TN:
SF:app\taskslist.js
FN:48,TasksList
FN:79,(anonymous_1)
FN:93,(anonymous_2)
FN:99,(anonymous_3)
FN:105,(anonymous_4)
FN:130,(anonymous_5)
FN:136,(anonymous_6)
FN:138,(anonymous_7)
FN:141,(anonymous_8)
FN:153,(anonymous_9)
FN:166,(anonymous_10)
FN:198,(anonymous_11)
FN:204,(anonymous_12)
FN:207,(anonymous_13)
FN:212,(anonymous_14)
FN:226,(anonymous_15)
FN:227,(anonymous_16)
FN:247,(anonymous_17)
FN:248,(anonymous_18)
FN:267,(anonymous_19)
FN:299,(anonymous_20)
FN:303,(anonymous_21)
FN:309,(anonymous_22)
FN:346,(anonymous_23)
FN:382,(anonymous_24)
FN:416,(anonymous_25)
FN:448,(anonymous_26)
FN:488,(anonymous_27)
FN:506,(anonymous_28)
FN:522,(anonymous_29)
FN:572,(anonymous_30)
FN:578,(anonymous_31)
FN:589,(anonymous_32)
FN:599,(anonymous_33)
FN:611,(anonymous_34)
FN:614,(anonymous_35)
FN:615,(anonymous_36)
FN:627,(anonymous_37)
FN:633,(anonymous_38)
FN:637,(anonymous_39)
FN:638,(anonymous_40)
FN:648,(anonymous_41)
FN:673,(anonymous_42)
FN:677,(anonymous_43)
FN:678,(anonymous_44)
FN:688,(anonymous_45)
FN:699,(anonymous_46)
FN:705,(anonymous_47)
FN:719,(anonymous_48)
FN:752,(anonymous_49)
FN:765,(anonymous_50)
FN:769,(anonymous_51)
FN:770,(anonymous_52)
FN:780,(anonymous_53)
FN:799,(anonymous_54)
FN:811,(anonymous_55)
FN:826,(anonymous_56)
FN:848,(anonymous_57)
FN:859,(anonymous_58)
FN:886,(anonymous_59)
FN:893,(anonymous_60)
FN:896,(anonymous_61)
FN:900,(anonymous_62)
FN:907,(anonymous_63)
FN:919,(anonymous_64)
FN:921,(anonymous_65)
FN:925,(anonymous_66)
FN:927,(anonymous_67)
FN:938,(anonymous_68)
FN:966,(anonymous_69)
FN:972,(anonymous_70)
FN:973,(anonymous_71)
FN:980,(anonymous_72)
FN:982,(anonymous_73)
FN:983,(anonymous_74)
FN:986,(anonymous_75)
FN:988,(anonymous_76)
FN:998,(anonymous_77)
FN:999,(anonymous_78)
FN:1001,(anonymous_79)
FN:1006,(anonymous_80)
FN:1015,(anonymous_81)
FN:1021,(anonymous_82)
FN:1022,(anonymous_83)
FN:1029,(anonymous_84)
FN:1031,(anonymous_85)
FN:1032,(anonymous_86)
FN:1035,(anonymous_87)
FN:1037,(anonymous_88)
FN:1047,(anonymous_89)
FN:1048,(anonymous_90)
FN:1050,(anonymous_91)
FN:1055,(anonymous_92)
FN:1064,(anonymous_93)
FN:1068,(anonymous_94)
FN:1077,(anonymous_95)
FN:1084,(anonymous_96)
FN:1088,(anonymous_97)
FN:1092,(anonymous_98)
FN:1109,(anonymous_99)
FN:1121,(anonymous_100)
FN:1123,(anonymous_101)
FN:1127,(anonymous_102)
FN:1129,(anonymous_103)
FN:1132,(anonymous_104)
FN:1134,(anonymous_105)
FN:1141,(anonymous_106)
FN:1142,(anonymous_107)
FN:1142,(anonymous_108)
FN:1151,(anonymous_109)
FN:1153,(anonymous_110)
FN:1164,(anonymous_111)
FN:1170,(anonymous_112)
FN:1185,(anonymous_113)
FN:1187,(anonymous_114)
FN:1218,(anonymous_115)
FN:1224,(anonymous_116)
FN:1233,(anonymous_117)
FN:1237,(anonymous_118)
FN:1246,(anonymous_119)
FN:1257,(anonymous_120)
FN:1266,(anonymous_121)
FN:1273,(anonymous_122)
FN:1278,(anonymous_123)
FN:1283,(anonymous_124)
FN:1292,(anonymous_125)
FN:1306,(anonymous_126)
FN:1337,(anonymous_127)
FN:1388,(anonymous_128)
FN:1402,(anonymous_129)
FN:1424,(anonymous_130)
FN:1457,(anonymous_131)
FN:1458,(anonymous_132)
FN:1474,(anonymous_133)
FN:1475,(anonymous_134)
FN:1532,(anonymous_135)
FN:1540,(anonymous_136)
FN:1546,(anonymous_137)
FN:1556,(anonymous_138)
FN:1563,(anonymous_139)
FN:1569,(anonymous_140)
FN:1580,(anonymous_141)
FN:1589,(anonymous_142)
FN:1591,(anonymous_143)
FN:1617,(anonymous_144)
FN:1632,(anonymous_145)
FNF:146
FNH:0
FNDA:0,TasksList
FNDA:0,(anonymous_1)
FNDA:0,(anonymous_2)
FNDA:0,(anonymous_3)
FNDA:0,(anonymous_4)
FNDA:0,(anonymous_5)
FNDA:0,(anonymous_6)
FNDA:0,(anonymous_7)
FNDA:0,(anonymous_8)
FNDA:0,(anonymous_9)
FNDA:0,(anonymous_10)
FNDA:0,(anonymous_11)
FNDA:0,(anonymous_12)
FNDA:0,(anonymous_13)
FNDA:0,(anonymous_14)
FNDA:0,(anonymous_15)
FNDA:0,(anonymous_16)
FNDA:0,(anonymous_17)
FNDA:0,(anonymous_18)
FNDA:0,(anonymous_19)
FNDA:0,(anonymous_20)
FNDA:0,(anonymous_21)
FNDA:0,(anonymous_22)
FNDA:0,(anonymous_23)
FNDA:0,(anonymous_24)
FNDA:0,(anonymous_25)
FNDA:0,(anonymous_26)
FNDA:0,(anonymous_27)
FNDA:0,(anonymous_28)
FNDA:0,(anonymous_29)
FNDA:0,(anonymous_30)
FNDA:0,(anonymous_31)
FNDA:0,(anonymous_32)
FNDA:0,(anonymous_33)
FNDA:0,(anonymous_34)
FNDA:0,(anonymous_35)
FNDA:0,(anonymous_36)
FNDA:0,(anonymous_37)
FNDA:0,(anonymous_38)
FNDA:0,(anonymous_39)
FNDA:0,(anonymous_40)
FNDA:0,(anonymous_41)
FNDA:0,(anonymous_42)
FNDA:0,(anonymous_43)
FNDA:0,(anonymous_44)
FNDA:0,(anonymous_45)
FNDA:0,(anonymous_46)
FNDA:0,(anonymous_47)
FNDA:0,(anonymous_48)
FNDA:0,(anonymous_49)
FNDA:0,(anonymous_50)
FNDA:0,(anonymous_51)
FNDA:0,(anonymous_52)
FNDA:0,(anonymous_53)
FNDA:0,(anonymous_54)
FNDA:0,(anonymous_55)
FNDA:0,(anonymous_56)
FNDA:0,(anonymous_57)
FNDA:0,(anonymous_58)
FNDA:0,(anonymous_59)
FNDA:0,(anonymous_60)
FNDA:0,(anonymous_61)
FNDA:0,(anonymous_62)
FNDA:0,(anonymous_63)
FNDA:0,(anonymous_64)
FNDA:0,(anonymous_65)
FNDA:0,(anonymous_66)
FNDA:0,(anonymous_67)
FNDA:0,(anonymous_68)
FNDA:0,(anonymous_69)
FNDA:0,(anonymous_70)
FNDA:0,(anonymous_71)
FNDA:0,(anonymous_72)
FNDA:0,(anonymous_73)
FNDA:0,(anonymous_74)
FNDA:0,(anonymous_75)
FNDA:0,(anonymous_76)
FNDA:0,(anonymous_77)
FNDA:0,(anonymous_78)
FNDA:0,(anonymous_79)
FNDA:0,(anonymous_80)
FNDA:0,(anonymous_81)
FNDA:0,(anonymous_82)
FNDA:0,(anonymous_83)
FNDA:0,(anonymous_84)
FNDA:0,(anonymous_85)
FNDA:0,(anonymous_86)
FNDA:0,(anonymous_87)
FNDA:0,(anonymous_88)
FNDA:0,(anonymous_89)
FNDA:0,(anonymous_90)
FNDA:0,(anonymous_91)
FNDA:0,(anonymous_92)
FNDA:0,(anonymous_93)
FNDA:0,(anonymous_94)
FNDA:0,(anonymous_95)
FNDA:0,(anonymous_96)
FNDA:0,(anonymous_97)
FNDA:0,(anonymous_98)
FNDA:0,(anonymous_99)
FNDA:0,(anonymous_100)
FNDA:0,(anonymous_101)
FNDA:0,(anonymous_102)
FNDA:0,(anonymous_103)
FNDA:0,(anonymous_104)
FNDA:0,(anonymous_105)
FNDA:0,(anonymous_106)
FNDA:0,(anonymous_107)
FNDA:0,(anonymous_108)
FNDA:0,(anonymous_109)
FNDA:0,(anonymous_110)
FNDA:0,(anonymous_111)
FNDA:0,(anonymous_112)
FNDA:0,(anonymous_113)
FNDA:0,(anonymous_114)
FNDA:0,(anonymous_115)
FNDA:0,(anonymous_116)
FNDA:0,(anonymous_117)
FNDA:0,(anonymous_118)
FNDA:0,(anonymous_119)
FNDA:0,(anonymous_120)
FNDA:0,(anonymous_121)
FNDA:0,(anonymous_122)
FNDA:0,(anonymous_123)
FNDA:0,(anonymous_124)
FNDA:0,(anonymous_125)
FNDA:0,(anonymous_126)
FNDA:0,(anonymous_127)
FNDA:0,(anonymous_128)
FNDA:0,(anonymous_129)
FNDA:0,(anonymous_130)
FNDA:0,(anonymous_131)
FNDA:0,(anonymous_132)
FNDA:0,(anonymous_133)
FNDA:0,(anonymous_134)
FNDA:0,(anonymous_135)
FNDA:0,(anonymous_136)
FNDA:0,(anonymous_137)
FNDA:0,(anonymous_138)
FNDA:0,(anonymous_139)
FNDA:0,(anonymous_140)
FNDA:0,(anonymous_141)
FNDA:0,(anonymous_142)
FNDA:0,(anonymous_143)
FNDA:0,(anonymous_144)
FNDA:0,(anonymous_145)
DA:49,0
DA:50,0
DA:51,0
DA:52,0
DA:53,0
DA:54,0
DA:55,0
DA:56,0
DA:57,0
DA:58,0
DA:59,0
DA:60,0
DA:61,0
DA:62,0
DA:63,0
DA:64,0
DA:65,0
DA:66,0
DA:67,0
DA:68,0
DA:69,0
DA:70,0
DA:71,0
DA:73,0
DA:74,0
DA:75,0
DA:77,0
DA:79,0
DA:80,0
DA:86,0
DA:89,0
DA:90,0
DA:93,0
DA:94,0
DA:95,0
DA:99,0
DA:100,0
DA:101,0
DA:105,0
DA:106,0
DA:111,0
DA:112,0
DA:113,0
DA:114,0
DA:116,0
DA:117,0
DA:119,0
DA:120,0
DA:122,0
DA:125,0
DA:130,0
DA:131,0
DA:132,0
DA:136,0
DA:137,0
DA:138,0
DA:139,0
DA:140,0
DA:141,0
DA:143,0
DA:144,0
DA:146,0
DA:148,0
DA:153,0
DA:154,0
DA:155,0
DA:167,0
DA:168,0
DA:169,0
DA:172,0
DA:173,0
DA:175,0
DA:176,0
DA:178,0
DA:180,0
DA:182,0
DA:186,0
DA:192,0
DA:198,0
DA:203,0
DA:204,0
DA:205,0
DA:206,0
DA:207,0
DA:209,0
DA:210,0
DA:212,0
DA:213,0
DA:214,0
DA:218,0
DA:221,0
DA:226,0
DA:227,0
DA:228,0
DA:229,0
DA:230,0
DA:231,0
DA:232,0
DA:233,0
DA:234,0
DA:236,0
DA:239,0
DA:240,0
DA:243,0
DA:247,0
DA:248,0
DA:249,0
DA:250,0
DA:251,0
DA:255,0
DA:257,0
DA:262,0
DA:263,0
DA:267,0
DA:268,0
DA:270,0
DA:271,0
DA:273,0
DA:277,0
DA:278,0
DA:280,0
DA:286,0
DA:287,0
DA:290,0
DA:291,0
DA:292,0
DA:294,0
DA:295,0
DA:299,0
DA:300,0
DA:303,0
DA:304,0
DA:305,0
DA:309,0
DA:310,0
DA:311,0
DA:312,0
DA:315,0
DA:316,0
DA:317,0
DA:318,0
DA:320,0
DA:323,0
DA:324,0
DA:326,0
DA:328,0
DA:330,0
DA:333,0
DA:335,0
DA:336,0
DA:340,0
DA:346,0
DA:347,0
DA:348,0
DA:349,0
DA:350,0
DA:353,0
DA:354,0
DA:355,0
DA:358,0
DA:359,0
DA:362,0
DA:363,0
DA:366,0
DA:367,0
DA:369,0
DA:373,0
DA:374,0
DA:378,0
DA:382,0
DA:383,0
DA:384,0
DA:385,0
DA:386,0
DA:389,0
DA:390,0
DA:391,0
DA:394,0
DA:395,0
DA:405,0
DA:406,0
DA:407,0
DA:409,0
DA:410,0
DA:416,0
DA:417,0
DA:418,0
DA:419,0
DA:420,0
DA:422,0
DA:423,0
DA:424,0
DA:426,0
DA:427,0
DA:428,0
DA:437,0
DA:438,0
DA:439,0
DA:440,0
DA:441,0
DA:443,0
DA:448,0
DA:449,0
DA:450,0
DA:451,0
DA:455,0
DA:456,0
DA:457,0
DA:460,0
DA:461,0
DA:465,0
DA:468,0
DA:469,0
DA:470,0
DA:477,0
DA:478,0
DA:479,0
DA:480,0
DA:482,0
DA:488,0
DA:494,0
DA:506,0
DA:507,0
DA:508,0
DA:509,0
DA:512,0
DA:513,0
DA:515,0
DA:516,0
DA:518,0
DA:522,0
DA:523,0
DA:524,0
DA:525,0
DA:528,0
DA:529,0
DA:531,0
DA:533,0
DA:534,0
DA:536,0
DA:537,0
DA:541,0
DA:542,0
DA:544,0
DA:545,0
DA:546,0
DA:550,0
DA:551,0
DA:552,0
DA:554,0
DA:555,0
DA:559,0
DA:560,0
DA:562,0
DA:563,0
DA:564,0
DA:567,0
DA:572,0
DA:573,0
DA:575,0
DA:576,0
DA:579,0
DA:580,0
DA:582,0
DA:584,0
DA:585,0
DA:586,0
DA:589,0
DA:590,0
DA:595,0
DA:597,0
DA:598,0
DA:599,0
DA:600,0
DA:601,0
DA:603,0
DA:606,0
DA:607,0
DA:608,0
DA:611,0
DA:613,0
DA:615,0
DA:619,0
DA:620,0
DA:623,0
DA:624,0
DA:627,0
DA:628,0
DA:629,0
DA:630,0
DA:633,0
DA:634,0
DA:636,0
DA:638,0
DA:642,0
DA:644,0
DA:645,0
DA:648,0
DA:649,0
DA:651,0
DA:653,0
DA:654,0
DA:657,0
DA:658,0
DA:659,0
DA:660,0
DA:661,0
DA:662,0
DA:663,0
DA:666,0
DA:667,0
DA:669,0
DA:673,0
DA:674,0
DA:676,0
DA:678,0
DA:682,0
DA:684,0
DA:685,0
DA:688,0
DA:689,0
DA:691,0
DA:694,0
DA:695,0
DA:698,0
DA:699,0
DA:700,0
DA:705,0
DA:706,0
DA:710,0
DA:711,0
DA:713,0
DA:719,0
DA:720,0
DA:721,0
DA:722,0
DA:725,0
DA:727,0
DA:730,0
DA:731,0
DA:734,0
DA:736,0
DA:737,0
DA:740,0
DA:741,0
DA:744,0
DA:752,0
DA:753,0
DA:754,0
DA:766,0
DA:768,0
DA:770,0
DA:774,0
DA:776,0
DA:777,0
DA:780,0
DA:782,0
DA:783,0
DA:784,0
DA:785,0
DA:788,0
DA:795,0
DA:799,0
DA:800,0
DA:812,0
DA:813,0
DA:814,0
DA:815,0
DA:816,0
DA:818,0
DA:826,0
DA:827,0
DA:828,0
DA:830,0
DA:832,0
DA:848,0
DA:859,0
DA:887,0
DA:894,0
DA:896,0
DA:901,0
DA:907,0
DA:919,0
DA:921,0
DA:925,0
DA:927,0
DA:938,0
DA:939,0
DA:940,0
DA:966,0
DA:967,0
DA:970,0
DA:971,0
DA:972,0
DA:973,0
DA:976,0
DA:978,0
DA:980,0
DA:981,0
DA:982,0
DA:983,0
DA:986,0
DA:987,0
DA:988,0
DA:989,0
DA:991,0
DA:995,0
DA:997,0
DA:998,0
DA:1000,0
DA:1001,0
DA:1002,0
DA:1004,0
DA:1006,0
DA:1011,0
DA:1015,0
DA:1016,0
DA:1019,0
DA:1020,0
DA:1021,0
DA:1022,0
DA:1025,0
DA:1027,0
DA:1029,0
DA:1030,0
DA:1031,0
DA:1032,0
DA:1035,0
DA:1036,0
DA:1037,0
DA:1038,0
DA:1040,0
DA:1044,0
DA:1046,0
DA:1047,0
DA:1049,0
DA:1050,0
DA:1051,0
DA:1053,0
DA:1055,0
DA:1060,0
DA:1064,0
DA:1066,0
DA:1067,0
DA:1068,0
DA:1069,0
DA:1072,0
DA:1078,0
DA:1085,0
DA:1088,0
DA:1093,0
DA:1109,0
DA:1121,0
DA:1123,0
DA:1127,0
DA:1129,0
DA:1132,0
DA:1134,0
DA:1141,0
DA:1142,0
DA:1150,0
DA:1153,0
DA:1154,0
DA:1156,0
DA:1158,0
DA:1161,0
DA:1164,0
DA:1165,0
DA:1170,0
DA:1171,0
DA:1173,0
DA:1174,0
DA:1176,0
DA:1184,0
DA:1187,0
DA:1188,0
DA:1189,0
DA:1190,0
DA:1191,0
DA:1194,0
DA:1199,0
DA:1200,0
DA:1204,0
DA:1205,0
DA:1207,0
DA:1208,0
DA:1209,0
DA:1211,0
DA:1215,0
DA:1218,0
DA:1224,0
DA:1225,0
DA:1233,0
DA:1234,0
DA:1236,0
DA:1237,0
DA:1239,0
DA:1242,0
DA:1243,0
DA:1246,0
DA:1248,0
DA:1249,0
DA:1254,0
DA:1257,0
DA:1258,0
DA:1260,0
DA:1261,0
DA:1266,0
DA:1267,0
DA:1269,0
DA:1271,0
DA:1272,0
DA:1273,0
DA:1278,0
DA:1279,0
DA:1282,0
DA:1283,0
DA:1285,0
DA:1286,0
DA:1294,0
DA:1295,0
DA:1296,0
DA:1297,0
DA:1298,0
DA:1299,0
DA:1308,0
DA:1309,0
DA:1310,0
DA:1311,0
DA:1321,0
DA:1337,0
DA:1388,0
DA:1402,0
DA:1424,0
DA:1457,0
DA:1460,0
DA:1462,0
DA:1464,0
DA:1474,0
DA:1475,0
DA:1532,0
DA:1540,0
DA:1547,0
DA:1556,0
DA:1563,0
DA:1570,0
DA:1580,0
DA:1589,0
DA:1592,0
DA:1597,0
DA:1599,0
DA:1617,0
DA:1632,0
DA:1649,0
LF:554
LH:0
BRDA:77,0,0,0
BRDA:77,0,1,0
BRDA:94,1,0,0
BRDA:94,1,1,0
BRDA:100,2,0,0
BRDA:100,2,1,0
BRDA:106,3,0,0
BRDA:106,3,1,0
BRDA:107,4,0,0
BRDA:107,4,1,0
BRDA:107,4,2,0
BRDA:113,5,0,0
BRDA:113,5,1,0
BRDA:116,6,0,0
BRDA:116,6,1,0
BRDA:116,7,0,0
BRDA:116,7,1,0
BRDA:119,8,0,0
BRDA:119,8,1,0
BRDA:131,9,0,0
BRDA:131,9,1,0
BRDA:137,10,0,0
BRDA:137,10,1,0
BRDA:137,11,0,0
BRDA:137,11,1,0
BRDA:143,12,0,0
BRDA:143,12,1,0
BRDA:172,13,0,0
BRDA:172,13,1,0
BRDA:173,14,0,0
BRDA:173,14,1,0
BRDA:175,15,0,0
BRDA:175,15,1,0
BRDA:180,16,0,0
BRDA:180,16,1,0
BRDA:203,17,0,0
BRDA:203,17,1,0
BRDA:203,18,0,0
BRDA:203,18,1,0
BRDA:209,19,0,0
BRDA:209,19,1,0
BRDA:213,20,0,0
BRDA:213,20,1,0
BRDA:231,21,0,0
BRDA:231,21,1,0
BRDA:249,22,0,0
BRDA:249,22,1,0
BRDA:262,23,0,0
BRDA:262,23,1,0
BRDA:304,24,0,0
BRDA:304,24,1,0
BRDA:304,25,0,0
BRDA:304,25,1,0
BRDA:317,26,0,0
BRDA:317,26,1,0
BRDA:320,27,0,0
BRDA:320,27,1,0
BRDA:320,28,0,0
BRDA:320,28,1,0
BRDA:320,28,2,0
BRDA:324,29,0,0
BRDA:324,29,1,0
BRDA:328,30,0,0
BRDA:328,30,1,0
BRDA:335,31,0,0
BRDA:335,31,1,0
BRDA:348,32,0,0
BRDA:348,32,1,0
BRDA:353,33,0,0
BRDA:353,33,1,0
BRDA:383,34,0,0
BRDA:383,34,1,0
BRDA:384,35,0,0
BRDA:384,35,1,0
BRDA:389,36,0,0
BRDA:389,36,1,0
BRDA:417,37,0,0
BRDA:417,37,1,0
BRDA:418,38,0,0
BRDA:418,38,1,0
BRDA:422,39,0,0
BRDA:422,39,1,0
BRDA:422,40,0,0
BRDA:422,40,1,0
BRDA:422,40,2,0
BRDA:449,41,0,0
BRDA:449,41,1,0
BRDA:460,42,0,0
BRDA:460,42,1,0
BRDA:491,43,0,0
BRDA:492,44,0,0
BRDA:507,45,0,0
BRDA:507,45,1,0
BRDA:512,46,0,0
BRDA:512,46,1,0
BRDA:515,47,0,0
BRDA:515,47,1,0
BRDA:523,48,0,0
BRDA:523,48,1,0
BRDA:528,49,0,0
BRDA:528,49,1,0
BRDA:531,50,0,0
BRDA:531,50,1,0
BRDA:536,51,0,0
BRDA:536,51,1,0
BRDA:550,52,0,0
BRDA:550,52,1,0
BRDA:554,53,0,0
BRDA:554,53,1,0
BRDA:573,54,0,0
BRDA:573,54,1,0
BRDA:573,55,0,0
BRDA:573,55,1,0
BRDA:579,56,0,0
BRDA:579,56,1,0
BRDA:590,57,0,0
BRDA:590,57,1,0
BRDA:591,58,0,0
BRDA:591,58,1,0
BRDA:591,58,2,0
BRDA:600,59,0,0
BRDA:600,59,1,0
BRDA:613,60,0,0
BRDA:613,60,1,0
BRDA:619,61,0,0
BRDA:619,61,1,0
BRDA:619,62,0,0
BRDA:619,62,1,0
BRDA:636,63,0,0
BRDA:636,63,1,0
BRDA:642,64,0,0
BRDA:642,64,1,0
BRDA:642,65,0,0
BRDA:642,65,1,0
BRDA:649,66,0,0
BRDA:649,66,1,0
BRDA:657,67,0,0
BRDA:657,67,1,0
BRDA:676,68,0,0
BRDA:676,68,1,0
BRDA:682,69,0,0
BRDA:682,69,1,0
BRDA:682,70,0,0
BRDA:682,70,1,0
BRDA:689,71,0,0
BRDA:689,71,1,0
BRDA:698,72,0,0
BRDA:698,72,1,0
BRDA:727,73,0,0
BRDA:727,73,1,0
BRDA:731,74,0,0
BRDA:731,74,1,0
BRDA:740,75,0,0
BRDA:740,75,1,0
BRDA:768,76,0,0
BRDA:768,76,1,0
BRDA:774,77,0,0
BRDA:774,77,1,0
BRDA:774,78,0,0
BRDA:774,78,1,0
BRDA:782,79,0,0
BRDA:782,79,1,0
BRDA:827,80,0,0
BRDA:827,80,1,0
BRDA:827,81,0,0
BRDA:827,81,1,0
BRDA:828,82,0,0
BRDA:828,82,1,0
BRDA:848,83,0,0
BRDA:848,83,1,0
BRDA:851,84,0,0
BRDA:851,84,1,0
BRDA:852,85,0,0
BRDA:852,85,1,0
BRDA:859,86,0,0
BRDA:859,86,1,0
BRDA:860,87,0,0
BRDA:860,87,1,0
BRDA:865,88,0,0
BRDA:865,88,1,0
BRDA:865,88,2,0
BRDA:871,89,0,0
BRDA:871,89,1,0
BRDA:875,90,0,0
BRDA:875,90,1,0
BRDA:879,91,0,0
BRDA:879,91,1,0
BRDA:890,92,0,0
BRDA:890,92,1,0
BRDA:895,93,0,0
BRDA:895,93,1,0
BRDA:905,94,0,0
BRDA:905,94,1,0
BRDA:905,94,2,0
BRDA:907,95,0,0
BRDA:907,95,1,0
BRDA:907,95,2,0
BRDA:908,96,0,0
BRDA:908,96,1,0
BRDA:914,97,0,0
BRDA:914,97,1,0
BRDA:914,97,2,0
BRDA:919,98,0,0
BRDA:919,98,1,0
BRDA:919,99,0,0
BRDA:919,99,1,0
BRDA:921,100,0,0
BRDA:921,100,1,0
BRDA:921,100,2,0
BRDA:922,101,0,0
BRDA:922,101,1,0
BRDA:938,102,0,0
BRDA:948,103,0,0
BRDA:948,103,1,0
BRDA:949,104,0,0
BRDA:949,104,1,0
BRDA:954,105,0,0
BRDA:954,105,1,0
BRDA:967,106,0,0
BRDA:967,106,1,0
BRDA:970,107,0,0
BRDA:970,107,1,0
BRDA:970,108,0,0
BRDA:970,108,1,0
BRDA:976,109,0,0
BRDA:976,109,1,0
BRDA:978,110,0,0
BRDA:978,110,1,0
BRDA:991,111,0,0
BRDA:991,111,1,0
BRDA:995,112,0,0
BRDA:995,112,1,0
BRDA:1004,113,0,0
BRDA:1004,113,1,0
BRDA:1016,114,0,0
BRDA:1016,114,1,0
BRDA:1019,115,0,0
BRDA:1019,115,1,0
BRDA:1019,116,0,0
BRDA:1019,116,1,0
BRDA:1025,117,0,0
BRDA:1025,117,1,0
BRDA:1027,118,0,0
BRDA:1027,118,1,0
BRDA:1040,119,0,0
BRDA:1040,119,1,0
BRDA:1044,120,0,0
BRDA:1044,120,1,0
BRDA:1053,121,0,0
BRDA:1053,121,1,0
BRDA:1067,122,0,0
BRDA:1067,122,1,0
BRDA:1067,123,0,0
BRDA:1067,123,1,0
BRDA:1076,124,0,0
BRDA:1076,124,1,0
BRDA:1080,125,0,0
BRDA:1080,125,1,0
BRDA:1087,126,0,0
BRDA:1087,126,1,0
BRDA:1094,127,0,0
BRDA:1094,127,1,0
BRDA:1094,127,2,0
BRDA:1107,128,0,0
BRDA:1107,128,1,0
BRDA:1109,129,0,0
BRDA:1109,129,1,0
BRDA:1116,130,0,0
BRDA:1116,130,1,0
BRDA:1121,131,0,0
BRDA:1121,131,1,0
BRDA:1123,132,0,0
BRDA:1123,132,1,0
BRDA:1132,133,0,0
BRDA:1132,133,1,0
BRDA:1132,134,0,0
BRDA:1132,134,1,0
BRDA:1134,135,0,0
BRDA:1134,135,1,0
BRDA:1140,136,0,0
BRDA:1140,136,1,0
BRDA:1141,137,0,0
BRDA:1141,137,1,0
BRDA:1154,138,0,0
BRDA:1154,138,1,0
BRDA:1171,139,0,0
BRDA:1171,139,1,0
BRDA:1171,140,0,0
BRDA:1171,140,1,0
BRDA:1174,141,0,0
BRDA:1174,141,1,0
BRDA:1190,142,0,0
BRDA:1190,142,1,0
BRDA:1199,143,0,0
BRDA:1199,143,1,0
BRDA:1207,144,0,0
BRDA:1207,144,1,0
BRDA:1234,145,0,0
BRDA:1234,145,1,0
BRDA:1234,146,0,0
BRDA:1234,146,1,0
BRDA:1234,146,2,0
BRDA:1248,147,0,0
BRDA:1248,147,1,0
BRDA:1260,148,0,0
BRDA:1260,148,1,0
BRDA:1269,149,0,0
BRDA:1269,149,1,0
BRDA:1282,150,0,0
BRDA:1282,150,1,0
BRDA:1282,151,0,0
BRDA:1282,151,1,0
BRDA:1285,152,0,0
BRDA:1285,152,1,0
BRDA:1294,153,0,0
BRDA:1294,153,1,0
BRDA:1333,154,0,0
BRDA:1333,154,1,0
BRDA:1348,155,0,0
BRDA:1348,155,1,0
BRDA:1351,156,0,0
BRDA:1351,156,1,0
BRDA:1352,157,0,0
BRDA:1352,157,1,0
BRDA:1353,158,0,0
BRDA:1353,158,1,0
BRDA:1354,159,0,0
BRDA:1354,159,1,0
BRDA:1354,160,0,0
BRDA:1354,160,1,0
BRDA:1359,161,0,0
BRDA:1359,161,1,0
BRDA:1362,162,0,0
BRDA:1362,162,1,0
BRDA:1372,163,0,0
BRDA:1372,163,1,0
BRDA:1376,164,0,0
BRDA:1376,164,1,0
BRDA:1391,165,0,0
BRDA:1391,165,1,0
BRDA:1396,166,0,0
BRDA:1396,166,1,0
BRDA:1409,167,0,0
BRDA:1409,167,1,0
BRDA:1409,167,2,0
BRDA:1468,168,0,0
BRDA:1468,168,1,0
BRDA:1481,169,0,0
BRDA:1481,169,1,0
BRDA:1486,170,0,0
BRDA:1486,170,1,0
BRDA:1487,171,0,0
BRDA:1487,171,1,0
BRDA:1508,172,0,0
BRDA:1508,172,1,0
BRDA:1592,173,0,0
BRDA:1592,173,1,0
BRDA:1593,174,0,0
BRDA:1593,174,1,0
BRDA:1593,174,2,0
BRDA:1612,175,0,0
BRDA:1612,175,1,0
BRDA:1615,176,0,0
BRDA:1615,176,1,0
BRDA:1616,177,0,0
BRDA:1616,177,1,0
BRDA:1626,178,0,0
BRDA:1626,178,1,0
BRDA:1629,179,0,0
BRDA:1629,179,1,0
BRDA:1630,180,0,0
BRDA:1630,180,1,0
BRDA:1759,181,0,0
BRDA:1759,181,1,0
BRF:374
BRH:0
end_of_record
TN:
SF:app\(tabs)\calendar.js
FN:13,CalendarScreen
FN:26,(anonymous_1)
FN:30,(anonymous_2)
FN:58,(anonymous_3)
FN:64,(anonymous_4)
FN:91,(anonymous_5)
FN:98,(anonymous_6)
FN:105,(anonymous_7)
FN:108,(anonymous_8)
FN:136,(anonymous_9)
FN:188,(anonymous_10)
FN:191,(anonymous_11)
FN:193,(anonymous_12)
FN:198,(anonymous_13)
FN:214,(anonymous_14)
FN:227,(anonymous_15)
FN:233,(anonymous_16)
FN:272,(anonymous_17)
FN:288,(anonymous_18)
FN:292,(anonymous_19)
FN:300,(anonymous_20)
FN:306,(anonymous_21)
FN:317,(anonymous_22)
FN:346,(anonymous_23)
FN:370,(anonymous_24)
FN:394,(anonymous_25)
FN:426,(anonymous_26)
FN:436,(anonymous_27)
FN:448,(anonymous_28)
FN:466,(anonymous_29)
FN:476,(anonymous_30)
FN:493,(anonymous_31)
FN:527,(anonymous_32)
FN:545,(anonymous_33)
FN:583,(anonymous_34)
FN:588,(anonymous_35)
FN:590,(anonymous_36)
FN:604,(anonymous_37)
FN:641,(anonymous_38)
FN:676,(anonymous_39)
FN:700,(anonymous_40)
FNF:41
FNH:0
FNDA:0,CalendarScreen
FNDA:0,(anonymous_1)
FNDA:0,(anonymous_2)
FNDA:0,(anonymous_3)
FNDA:0,(anonymous_4)
FNDA:0,(anonymous_5)
FNDA:0,(anonymous_6)
FNDA:0,(anonymous_7)
FNDA:0,(anonymous_8)
FNDA:0,(anonymous_9)
FNDA:0,(anonymous_10)
FNDA:0,(anonymous_11)
FNDA:0,(anonymous_12)
FNDA:0,(anonymous_13)
FNDA:0,(anonymous_14)
FNDA:0,(anonymous_15)
FNDA:0,(anonymous_16)
FNDA:0,(anonymous_17)
FNDA:0,(anonymous_18)
FNDA:0,(anonymous_19)
FNDA:0,(anonymous_20)
FNDA:0,(anonymous_21)
FNDA:0,(anonymous_22)
FNDA:0,(anonymous_23)
FNDA:0,(anonymous_24)
FNDA:0,(anonymous_25)
FNDA:0,(anonymous_26)
FNDA:0,(anonymous_27)
FNDA:0,(anonymous_28)
FNDA:0,(anonymous_29)
FNDA:0,(anonymous_30)
FNDA:0,(anonymous_31)
FNDA:0,(anonymous_32)
FNDA:0,(anonymous_33)
FNDA:0,(anonymous_34)
FNDA:0,(anonymous_35)
FNDA:0,(anonymous_36)
FNDA:0,(anonymous_37)
FNDA:0,(anonymous_38)
FNDA:0,(anonymous_39)
FNDA:0,(anonymous_40)
DA:14,0
DA:15,0
DA:16,0
DA:17,0
DA:18,0
DA:19,0
DA:20,0
DA:21,0
DA:22,0
DA:23,0
DA:26,0
DA:27,0
DA:28,0
DA:30,0
DA:31,0
DA:33,0
DA:35,0
DA:37,0
DA:38,0
DA:40,0
DA:41,0
DA:42,0
DA:45,0
DA:48,0
DA:53,0
DA:54,0
DA:58,0
DA:59,0
DA:64,0
DA:65,0
DA:70,0
DA:71,0
DA:72,0
DA:74,0
DA:77,0
DA:78,0
DA:79,0
DA:81,0
DA:84,0
DA:86,0
DA:91,0
DA:92,0
DA:93,0
DA:98,0
DA:100,0
DA:102,0
DA:103,0
DA:105,0
DA:106,0
DA:108,0
DA:109,0
DA:111,0
DA:113,0
DA:114,0
DA:116,0
DA:118,0
DA:127,0
DA:128,0
DA:135,0
DA:136,0
DA:137,0
DA:139,0
DA:141,0
DA:142,0
DA:144,0
DA:146,0
DA:158,0
DA:159,0
DA:165,0
DA:170,0
DA:176,0
DA:177,0
DA:183,0
DA:184,0
DA:188,0
DA:189,0
DA:191,0
DA:195,0
DA:198,0
DA:203,0
DA:207,0
DA:209,0
DA:211,0
DA:212,0
DA:213,0
DA:214,0
DA:215,0
DA:216,0
DA:217,0
DA:218,0
DA:222,0
DA:226,0
DA:227,0
DA:228,0
DA:229,0
DA:232,0
DA:233,0
DA:234,0
DA:237,0
DA:238,0
DA:243,0
DA:244,0
DA:245,0
DA:249,0
DA:252,0
DA:255,0
DA:256,0
DA:257,0
DA:259,0
DA:260,0
DA:261,0
DA:263,0
DA:267,0
DA:272,0
DA:273,0
DA:288,0
DA:289,0
DA:291,0
DA:292,0
DA:293,0
DA:294,0
DA:296,0
DA:297,0
DA:298,0
DA:300,0
DA:301,0
DA:302,0
DA:306,0
DA:307,0
DA:308,0
DA:313,0
DA:317,0
DA:318,0
DA:319,0
DA:346,0
DA:347,0
DA:348,0
DA:351,0
DA:355,0
DA:370,0
DA:394,0
DA:426,0
DA:427,0
DA:428,0
DA:433,0
DA:437,0
DA:438,0
DA:439,0
DA:441,0
DA:448,0
DA:466,0
DA:467,0
DA:470,0
DA:472,0
DA:475,0
DA:476,0
DA:477,0
DA:478,0
DA:481,0
DA:484,0
DA:485,0
DA:488,0
DA:492,0
DA:493,0
DA:494,0
DA:497,0
DA:498,0
DA:501,0
DA:506,0
DA:507,0
DA:511,0
DA:512,0
DA:513,0
DA:517,0
DA:520,0
DA:523,0
DA:527,0
DA:528,0
DA:531,0
DA:532,0
DA:535,0
DA:536,0
DA:537,0
DA:539,0
DA:540,0
DA:542,0
DA:545,0
DA:546,0
DA:547,0
DA:550,0
DA:553,0
DA:554,0
DA:556,0
DA:559,0
DA:560,0
DA:564,0
DA:567,0
DA:568,0
DA:569,0
DA:573,0
DA:576,0
DA:579,0
DA:583,0
DA:584,0
DA:585,0
DA:588,0
DA:592,0
DA:593,0
DA:594,0
DA:595,0
DA:598,0
DA:601,0
DA:606,0
DA:607,0
DA:608,0
DA:609,0
DA:612,0
DA:615,0
DA:624,0
DA:625,0
DA:626,0
DA:627,0
DA:628,0
DA:631,0
DA:632,0
DA:633,0
DA:636,0
DA:641,0
DA:642,0
DA:643,0
DA:644,0
DA:648,0
DA:676,0
DA:700,0
DA:712,0
LF:235
LH:0
BRDA:33,0,0,0
BRDA:33,0,1,0
BRDA:40,1,0,0
BRDA:40,1,1,0
BRDA:40,2,0,0
BRDA:40,2,1,0
BRDA:40,2,2,0
BRDA:53,3,0,0
BRDA:53,3,1,0
BRDA:65,4,0,0
BRDA:65,4,1,0
BRDA:66,5,0,0
BRDA:66,5,1,0
BRDA:66,5,2,0
BRDA:72,6,0,0
BRDA:72,6,1,0
BRDA:77,7,0,0
BRDA:77,7,1,0
BRDA:77,8,0,0
BRDA:77,8,1,0
BRDA:78,9,0,0
BRDA:78,9,1,0
BRDA:92,10,0,0
BRDA:92,10,1,0
BRDA:100,11,0,0
BRDA:100,11,1,0
BRDA:100,12,0,0
BRDA:100,12,1,0
BRDA:106,13,0,0
BRDA:106,13,1,0
BRDA:106,14,0,0
BRDA:106,14,1,0
BRDA:106,14,2,0
BRDA:109,15,0,0
BRDA:109,15,1,0
BRDA:113,16,0,0
BRDA:113,16,1,0
BRDA:114,17,0,0
BRDA:114,17,1,0
BRDA:127,18,0,0
BRDA:127,18,1,0
BRDA:130,19,0,0
BRDA:130,19,1,0
BRDA:135,20,0,0
BRDA:135,20,1,0
BRDA:135,21,0,0
BRDA:135,21,1,0
BRDA:137,22,0,0
BRDA:137,22,1,0
BRDA:141,23,0,0
BRDA:141,23,1,0
BRDA:142,24,0,0
BRDA:142,24,1,0
BRDA:158,25,0,0
BRDA:158,25,1,0
BRDA:161,26,0,0
BRDA:161,26,1,0
BRDA:209,27,0,0
BRDA:209,27,1,0
BRDA:213,28,0,0
BRDA:213,28,1,0
BRDA:215,29,0,0
BRDA:215,29,1,0
BRDA:222,30,0,0
BRDA:222,30,1,0
BRDA:228,31,0,0
BRDA:228,31,1,0
BRDA:232,32,0,0
BRDA:232,32,1,0
BRDA:232,33,0,0
BRDA:232,33,1,0
BRDA:243,34,0,0
BRDA:243,34,1,0
BRDA:257,35,0,0
BRDA:257,35,1,0
BRDA:257,36,0,0
BRDA:257,36,1,0
BRDA:272,37,0,0
BRDA:272,38,0,0
BRDA:278,39,0,0
BRDA:278,39,1,0
BRDA:291,40,0,0
BRDA:291,40,1,0
BRDA:296,41,0,0
BRDA:296,41,1,0
BRDA:302,42,0,0
BRDA:302,42,1,0
BRDA:317,43,0,0
BRDA:327,44,0,0
BRDA:327,44,1,0
BRDA:328,45,0,0
BRDA:328,45,1,0
BRDA:334,46,0,0
BRDA:334,46,1,0
BRDA:348,47,0,0
BRDA:348,47,1,0
BRDA:348,48,0,0
BRDA:348,48,1,0
BRDA:351,49,0,0
BRDA:351,49,1,0
BRDA:351,50,0,0
BRDA:351,50,1,0
BRDA:359,51,0,0
BRDA:359,51,1,0
BRDA:364,52,0,0
BRDA:364,52,1,0
BRDA:369,53,0,0
BRDA:369,53,1,0
BRDA:373,54,0,0
BRDA:373,54,1,0
BRDA:378,55,0,0
BRDA:378,55,1,0
BRDA:392,56,0,0
BRDA:392,56,1,0
BRDA:394,57,0,0
BRDA:394,57,1,0
BRDA:401,58,0,0
BRDA:401,58,1,0
BRDA:413,59,0,0
BRDA:413,59,1,0
BRDA:415,60,0,0
BRDA:415,60,1,0
BRDA:417,61,0,0
BRDA:417,61,1,0
BRDA:418,62,0,0
BRDA:418,62,1,0
BRDA:446,63,0,0
BRDA:446,63,1,0
BRDA:450,64,0,0
BRDA:450,64,1,0
BRDA:453,65,0,0
BRDA:453,65,1,0
BRDA:456,66,0,0
BRDA:456,66,1,0
BRDA:477,67,0,0
BRDA:477,67,1,0
BRDA:484,68,0,0
BRDA:484,68,1,0
BRDA:492,69,0,0
BRDA:492,69,1,0
BRDA:497,70,0,0
BRDA:497,70,1,0
BRDA:511,71,0,0
BRDA:511,71,1,0
BRDA:537,72,0,0
BRDA:537,72,1,0
BRDA:539,73,0,0
BRDA:539,73,1,0
BRDA:546,74,0,0
BRDA:546,74,1,0
BRDA:553,75,0,0
BRDA:553,75,1,0
BRDA:564,76,0,0
BRDA:564,76,1,0
BRDA:567,77,0,0
BRDA:567,77,1,0
BRDA:593,78,0,0
BRDA:593,78,1,0
BRDA:594,79,0,0
BRDA:594,79,1,0
BRDA:607,80,0,0
BRDA:607,80,1,0
BRDA:608,81,0,0
BRDA:608,81,1,0
BRDA:626,82,0,0
BRDA:626,82,1,0
BRDA:626,83,0,0
BRDA:626,83,1,0
BRDA:642,84,0,0
BRDA:642,84,1,0
BRDA:642,85,0,0
BRDA:642,85,1,0
BRDA:674,86,0,0
BRDA:674,86,1,0
BRDA:687,87,0,0
BRDA:687,87,1,0
BRDA:689,88,0,0
BRDA:689,88,1,0
BRDA:700,89,0,0
BRDA:700,89,1,0
BRDA:703,90,0,0
BRDA:703,90,1,0
BRF:182
BRH:0
end_of_record
TN:
SF:app\(tabs)\taskslist.js
FNF:0
FNH:0
LF:0
LH:0
BRF:0
BRH:0
end_of_record
TN:
SF:backend\server_backup.js
FN:15,(anonymous_0)
FN:31,(anonymous_1)
FN:45,(anonymous_2)
FN:54,(anonymous_3)
FN:96,(anonymous_4)
FN:102,(anonymous_5)
FN:111,(anonymous_6)
FN:120,(anonymous_7)
FN:151,(anonymous_8)
FN:190,(anonymous_9)
FN:220,(anonymous_10)
FN:235,(anonymous_11)
FN:254,(anonymous_12)
FN:273,(anonymous_13)
FN:296,(anonymous_14)
FN:318,(anonymous_15)
FN:344,(anonymous_16)
FN:366,(anonymous_17)
FN:392,(anonymous_18)
FN:414,(anonymous_19)
FN:453,(anonymous_20)
FNF:21
FNH:0
FNDA:0,(anonymous_0)
FNDA:0,(anonymous_1)
FNDA:0,(anonymous_2)
FNDA:0,(anonymous_3)
FNDA:0,(anonymous_4)
FNDA:0,(anonymous_5)
FNDA:0,(anonymous_6)
FNDA:0,(anonymous_7)
FNDA:0,(anonymous_8)
FNDA:0,(anonymous_9)
FNDA:0,(anonymous_10)
FNDA:0,(anonymous_11)
FNDA:0,(anonymous_12)
FNDA:0,(anonymous_13)
FNDA:0,(anonymous_14)
FNDA:0,(anonymous_15)
FNDA:0,(anonymous_16)
FNDA:0,(anonymous_17)
FNDA:0,(anonymous_18)
FNDA:0,(anonymous_19)
FNDA:0,(anonymous_20)
DA:1,0
DA:2,0
DA:3,0
DA:4,0
DA:5,0
DA:6,0
DA:7,0
DA:9,0
DA:10,0
DA:12,0
DA:13,0
DA:15,0
DA:16,0
DA:19,0
DA:20,0
DA:21,0
DA:24,0
DA:29,0
DA:31,0
DA:32,0
DA:33,0
DA:34,0
DA:35,0
DA:36,0
DA:37,0
DA:38,0
DA:40,0
DA:41,0
DA:42,0
DA:43,0
DA:45,0
DA:50,0
DA:52,0
DA:54,0
DA:55,0
DA:56,0
DA:87,0
DA:88,0
DA:89,0
DA:91,0
DA:92,0
DA:96,0
DA:97,0
DA:98,0
DA:99,0
DA:102,0
DA:103,0
DA:104,0
DA:106,0
DA:107,0
DA:111,0
DA:112,0
DA:113,0
DA:120,0
DA:121,0
DA:123,0
DA:125,0
DA:126,0
DA:129,0
DA:130,0
DA:131,0
DA:132,0
DA:133,0
DA:136,0
DA:137,0
DA:138,0
DA:139,0
DA:142,0
DA:143,0
DA:144,0
DA:146,0
DA:147,0
DA:151,0
DA:152,0
DA:154,0
DA:156,0
DA:157,0
DA:160,0
DA:161,0
DA:164,0
DA:165,0
DA:168,0
DA:169,0
DA:170,0
DA:171,0
DA:176,0
DA:177,0
DA:178,0
DA:180,0
DA:181,0
DA:182,0
DA:184,0
DA:185,0
DA:190,0
DA:191,0
DA:192,0
DA:193,0
DA:195,0
DA:197,0
DA:198,0
DA:199,0
DA:200,0
DA:203,0
DA:204,0
DA:206,0
DA:207,0
DA:213,0
DA:214,0
DA:219,0
DA:220,0
DA:228,0
DA:229,0
DA:234,0
DA:235,0
DA:247,0
DA:248,0
DA:253,0
DA:254,0
DA:265,0
DA:266,0
DA:268,0
DA:269,0
DA:273,0
DA:274,0
DA:275,0
DA:276,0
DA:278,0
DA:279,0
DA:280,0
DA:289,0
DA:291,0
DA:292,0
DA:296,0
DA:297,0
DA:298,0
DA:299,0
DA:301,0
DA:302,0
DA:303,0
DA:308,0
DA:309,0
DA:311,0
DA:313,0
DA:314,0
DA:318,0
DA:319,0
DA:320,0
DA:321,0
DA:323,0
DA:324,0
DA:325,0
DA:337,0
DA:339,0
DA:340,0
DA:344,0
DA:345,0
DA:346,0
DA:347,0
DA:349,0
DA:350,0
DA:351,0
DA:356,0
DA:357,0
DA:359,0
DA:361,0
DA:362,0
DA:366,0
DA:367,0
DA:368,0
DA:369,0
DA:371,0
DA:372,0
DA:373,0
DA:385,0
DA:387,0
DA:388,0
DA:392,0
DA:393,0
DA:394,0
DA:395,0
DA:397,0
DA:398,0
DA:399,0
DA:404,0
DA:405,0
DA:407,0
DA:409,0
DA:410,0
DA:414,0
DA:415,0
DA:416,0
DA:417,0
DA:418,0
DA:420,0
DA:421,0
DA:422,0
DA:426,0
DA:427,0
DA:430,0
DA:434,0
DA:435,0
DA:438,0
DA:442,0
DA:443,0
DA:446,0
DA:448,0
DA:449,0
DA:453,0
DA:454,0
LF:209
LH:0
BRDA:10,0,0,0
BRDA:10,0,1,0
BRDA:19,1,0,0
BRDA:19,1,1,0
BRDA:31,2,0,0
BRDA:31,3,0,0
BRDA:41,4,0,0
BRDA:41,4,1,0
BRDA:52,5,0,0
BRDA:52,5,1,0
BRDA:97,6,0,0
BRDA:97,6,1,0
BRDA:98,7,0,0
BRDA:98,7,1,0
BRDA:103,8,0,0
BRDA:103,8,1,0
BRDA:125,9,0,0
BRDA:125,9,1,0
BRDA:125,10,0,0
BRDA:125,10,1,0
BRDA:130,11,0,0
BRDA:130,11,1,0
BRDA:132,12,0,0
BRDA:132,12,1,0
BRDA:138,13,0,0
BRDA:138,13,1,0
BRDA:156,14,0,0
BRDA:156,14,1,0
BRDA:156,15,0,0
BRDA:156,15,1,0
BRDA:156,15,2,0
BRDA:160,16,0,0
BRDA:160,16,1,0
BRDA:164,17,0,0
BRDA:164,17,1,0
BRDA:169,18,0,0
BRDA:169,18,1,0
BRDA:180,19,0,0
BRDA:180,19,1,0
BRDA:198,20,0,0
BRDA:198,20,1,0
BRDA:206,21,0,0
BRDA:206,21,1,0
BRDA:239,22,0,0
BRDA:239,22,1,0
BRDA:258,23,0,0
BRDA:258,23,1,0
BRDA:279,24,0,0
BRDA:279,24,1,0
BRDA:302,25,0,0
BRDA:302,25,1,0
BRDA:308,26,0,0
BRDA:308,26,1,0
BRDA:324,27,0,0
BRDA:324,27,1,0
BRDA:350,28,0,0
BRDA:350,28,1,0
BRDA:356,29,0,0
BRDA:356,29,1,0
BRDA:372,30,0,0
BRDA:372,30,1,0
BRDA:398,31,0,0
BRDA:398,31,1,0
BRDA:404,32,0,0
BRDA:404,32,1,0
BRDA:421,33,0,0
BRDA:421,33,1,0
BRDA:426,34,0,0
BRDA:426,34,1,0
BRDA:434,35,0,0
BRDA:434,35,1,0
BRDA:442,36,0,0
BRDA:442,36,1,0
BRF:73
BRH:0
end_of_record
TN:
SF:components\ui\TabBarIcon.js
FN:4,TabBarIcon
FNF:1
FNH:0
FNDA:0,TabBarIcon
DA:5,0
LF:1
LH:0
BRDA:4,0,0,0
BRF:1
BRH:0
end_of_record
TN:
SF:database\database.js
FN:7,(anonymous_0)
FN:94,(anonymous_1)
FN:107,(anonymous_2)
FN:108,(anonymous_3)
FNF:4
FNH:4
FNDA:2,(anonymous_0)
FNDA:2,(anonymous_1)
FNDA:1,(anonymous_2)
FNDA:31,(anonymous_3)
DA:4,4
DA:7,4
DA:8,2
DA:9,2
DA:10,2
DA:13,2
DA:14,2
DA:15,2
DA:17,0
DA:18,0
DA:22,2
DA:24,2
DA:34,2
DA:47,2
DA:63,2
DA:77,2
DA:79,0
DA:80,0
DA:84,2
DA:85,2
DA:86,2
DA:88,0
DA:89,0
DA:94,4
DA:95,2
DA:96,1
DA:97,1
DA:99,0
DA:100,0
DA:103,2
DA:107,4
DA:108,1
DA:109,31
DA:110,31
DA:115,4
LF:35
LH:27
BRDA:95,0,0,1
BRDA:95,0,1,1
BRDA:109,1,0,30
BRDA:109,1,1,1
BRF:4
BRH:4
end_of_record
TN:
SF:scripts\reset-project.js
FN:42,(anonymous_0)
FNF:1
FNH:0
FNDA:0,(anonymous_0)
DA:9,0
DA:10,0
DA:12,0
DA:13,0
DA:14,0
DA:15,0
DA:16,0
DA:18,0
DA:35,0
DA:42,0
DA:43,0
DA:45,0
DA:46,0
DA:49,0
DA:50,0
DA:51,0
DA:52,0
DA:53,0
DA:54,0
DA:56,0
DA:61,0
DA:62,0
DA:63,0
DA:66,0
DA:67,0
DA:68,0
DA:71,0
DA:72,0
DA:73,0
DA:75,0
DA:76,0
DA:80,0
DA:84,0
LF:33
LH:0
BRDA:52,0,0,0
BRDA:52,0,1,0
BRF:2
BRH:0
end_of_record
TN:
SF:services\syncService.js
FN:12,(anonymous_0)
FN:31,(anonymous_1)
FN:42,(anonymous_2)
FN:74,(anonymous_3)
FN:85,(anonymous_4)
FN:275,(anonymous_5)
FN:346,(anonymous_6)
FN:414,(anonymous_7)
FN:418,(anonymous_8)
FN:456,(anonymous_9)
FN:487,(anonymous_10)
FNF:11
FNH:6
FNDA:0,(anonymous_0)
FNDA:14,(anonymous_1)
FNDA:8,(anonymous_2)
FNDA:11,(anonymous_3)
FNDA:3,(anonymous_4)
FNDA:3,(anonymous_5)
FNDA:3,(anonymous_6)
FNDA:0,(anonymous_7)
FNDA:0,(anonymous_8)
FNDA:0,(anonymous_9)
FNDA:0,(anonymous_10)
DA:5,1
DA:6,1
DA:9,1
DA:12,1
DA:13,0
DA:14,0
DA:17,0
DA:20,0
DA:21,0
DA:23,0
DA:25,0
DA:26,0
DA:31,1
DA:32,14
DA:33,14
DA:34,14
DA:36,0
DA:37,0
DA:42,1
DA:43,8
DA:44,8
DA:47,8
DA:48,0
DA:49,0
DA:53,8
DA:54,8
DA:55,0
DA:56,0
DA:57,0
DA:59,0
DA:60,0
DA:62,0
DA:66,8
DA:68,0
DA:69,0
DA:74,1
DA:75,11
DA:76,11
DA:77,11
DA:79,0
DA:80,0
DA:85,1
DA:86,3
DA:88,3
DA:89,0
DA:90,0
DA:94,3
DA:95,3
DA:96,0
DA:99,3
DA:100,3
DA:103,3
DA:106,3
DA:109,3
DA:111,3
DA:114,3
DA:116,3
DA:119,3
DA:122,3
DA:123,3
DA:126,3
DA:127,9
DA:128,9
DA:131,9
DA:136,8
DA:137,8
DA:140,8
DA:141,0
DA:142,8
DA:143,0
DA:144,8
DA:145,0
DA:148,0
DA:149,0
DA:153,0
DA:154,0
DA:155,0
DA:156,0
DA:157,0
DA:158,0
DA:159,0
DA:160,0
DA:165,1
DA:171,3
DA:174,3
DA:175,3
DA:176,3
DA:190,3
DA:191,3
DA:192,3
DA:197,0
DA:200,0
DA:205,3
DA:208,3
DA:209,3
DA:225,3
DA:226,3
DA:227,3
DA:232,0
DA:236,3
DA:239,3
DA:240,3
DA:256,3
DA:257,3
DA:258,3
DA:263,0
DA:267,3
DA:269,0
DA:270,0
DA:275,1
DA:276,3
DA:278,3
DA:279,0
DA:280,0
DA:284,3
DA:285,3
DA:286,0
DA:289,3
DA:290,3
DA:292,3
DA:293,3
DA:294,3
DA:295,3
DA:296,3
DA:299,3
DA:300,3
DA:301,3
DA:303,3
DA:304,0
DA:307,3
DA:308,3
DA:310,3
DA:311,1
DA:318,3
DA:319,1
DA:320,1
DA:327,3
DA:328,0
DA:329,0
DA:336,3
DA:337,3
DA:338,3
DA:340,0
DA:341,0
DA:346,1
DA:347,3
DA:349,3
DA:351,3
DA:352,3
DA:355,3
DA:358,3
DA:359,0
DA:360,0
DA:364,3
DA:365,1
DA:369,2
DA:370,2
DA:371,0
DA:372,0
DA:376,2
DA:377,2
DA:380,2
DA:381,0
DA:382,0
DA:385,2
DA:386,2
DA:389,2
DA:390,0
DA:391,0
DA:392,0
DA:396,2
DA:397,2
DA:400,2
DA:401,2
DA:403,0
DA:404,0
DA:414,1
DA:415,0
DA:417,0
DA:418,0
DA:419,0
DA:421,0
DA:422,0
DA:423,0
DA:427,0
DA:429,0
DA:430,0
DA:432,0
DA:433,0
DA:440,0
DA:444,0
DA:445,0
DA:449,0
DA:456,1
DA:457,0
DA:459,0
DA:460,0
DA:463,0
DA:464,0
DA:465,0
DA:467,0
DA:473,0
DA:474,0
DA:475,0
DA:477,0
DA:479,0
DA:482,0
DA:487,1
DA:488,0
DA:489,0
DA:490,0
DA:492,0
DA:493,0
DA:494,0
DA:495,0
DA:497,0
DA:499,0
DA:500,0
LF:218
LH:116
BRDA:14,0,0,0
BRDA:14,0,1,0
BRDA:47,1,0,0
BRDA:47,1,1,8
BRDA:54,2,0,0
BRDA:54,2,1,8
BRDA:59,3,0,0
BRDA:59,3,1,0
BRDA:85,4,0,1
BRDA:88,5,0,0
BRDA:88,5,1,3
BRDA:88,6,0,3
BRDA:88,6,1,3
BRDA:95,7,0,0
BRDA:95,7,1,3
BRDA:136,8,0,8
BRDA:136,8,1,0
BRDA:140,9,0,0
BRDA:140,9,1,8
BRDA:142,10,0,0
BRDA:142,10,1,8
BRDA:144,11,0,0
BRDA:144,11,1,8
BRDA:153,12,0,0
BRDA:153,12,1,0
BRDA:153,13,0,0
BRDA:153,13,1,0
BRDA:155,14,0,0
BRDA:155,14,1,0
BRDA:157,15,0,0
BRDA:157,15,1,0
BRDA:159,16,0,0
BRDA:159,16,1,0
BRDA:177,17,0,0
BRDA:177,17,1,3
BRDA:183,18,0,3
BRDA:183,18,1,3
BRDA:190,19,0,3
BRDA:190,19,1,0
BRDA:210,20,0,0
BRDA:210,20,1,3
BRDA:216,21,0,3
BRDA:216,21,1,3
BRDA:225,22,0,3
BRDA:225,22,1,0
BRDA:241,23,0,0
BRDA:241,23,1,3
BRDA:247,24,0,3
BRDA:247,24,1,3
BRDA:256,25,0,3
BRDA:256,25,1,0
BRDA:275,26,0,1
BRDA:278,27,0,0
BRDA:278,27,1,3
BRDA:278,28,0,3
BRDA:278,28,1,3
BRDA:285,29,0,0
BRDA:285,29,1,3
BRDA:292,30,0,3
BRDA:292,30,1,0
BRDA:303,31,0,0
BRDA:303,31,1,3
BRDA:314,32,0,1
BRDA:314,32,1,1
BRDA:314,33,0,0
BRDA:314,33,1,1
BRDA:323,34,0,1
BRDA:323,34,1,1
BRDA:323,35,0,1
BRDA:323,35,1,1
BRDA:323,36,0,0
BRDA:323,36,1,1
BRDA:332,37,0,0
BRDA:332,37,1,0
BRDA:332,38,0,0
BRDA:332,38,1,0
BRDA:346,39,0,2
BRDA:347,40,0,2
BRDA:347,41,0,3
BRDA:347,42,0,3
BRDA:355,43,0,0
BRDA:355,43,1,3
BRDA:358,44,0,0
BRDA:358,44,1,3
BRDA:358,45,0,3
BRDA:358,45,1,1
BRDA:364,46,0,1
BRDA:364,46,1,2
BRDA:364,47,0,3
BRDA:364,47,1,1
BRDA:364,47,2,1
BRDA:370,48,0,0
BRDA:370,48,1,2
BRDA:370,49,0,2
BRDA:370,49,1,2
BRDA:380,50,0,0
BRDA:380,50,1,2
BRDA:380,51,0,2
BRDA:380,51,1,0
BRDA:389,52,0,0
BRDA:389,52,1,2
BRDA:389,53,0,2
BRDA:389,53,1,2
BRDA:389,53,2,2
BRDA:390,54,0,0
BRDA:390,54,1,0
BRDA:390,54,2,0
BRDA:396,55,0,2
BRDA:396,55,1,0
BRDA:406,56,0,0
BRDA:406,56,1,0
BRDA:407,57,0,0
BRDA:407,57,1,0
BRDA:421,58,0,0
BRDA:421,58,1,0
BRDA:427,59,0,0
BRDA:427,59,1,0
BRDA:427,60,0,0
BRDA:427,60,1,0
BRDA:430,61,0,0
BRDA:430,61,1,0
BRDA:463,62,0,0
BRDA:463,62,1,0
BRDA:463,63,0,0
BRDA:463,63,1,0
BRDA:490,64,0,0
BRDA:490,64,1,0
BRF:127
BRH:61
end_of_record
TN:
SF:styles\colors.js
FNF:0
FNH:0
DA:2,0
LF:1
LH:0
BRF:0
BRH:0
end_of_record
